<?xml version="1.0" ?>
<coverage version="7.6.11" timestamp="1765657920178" lines-valid="2816" lines-covered="1316" line-rate="0.4673" branches-valid="634" branches-covered="49" branch-rate="0.07729" complexity="0">
	<!-- Generated by coverage.py: https://coverage.readthedocs.io/en/7.6.11 -->
	<!-- Based on https://raw.githubusercontent.com/cobertura/web/master/htdocs/xml/coverage-04.dtd -->
	<sources>
		<source>/Users/giraffe/neuromancers-community-platform/apps</source>
	</sources>
	<packages>
		<package name="." line-rate="1" branch-rate="1" complexity="0">
			<classes>
				<class name="__init__.py" filename="__init__.py" complexity="0" line-rate="1" branch-rate="1">
					<methods/>
					<lines/>
				</class>
			</classes>
		</package>
		<package name="accounts" line-rate="0.4165" branch-rate="0.01351" complexity="0">
			<classes>
				<class name="__init__.py" filename="accounts/__init__.py" complexity="0" line-rate="1" branch-rate="1">
					<methods/>
					<lines/>
				</class>
				<class name="adapters.py" filename="accounts/adapters.py" complexity="0" line-rate="0.6667" branch-rate="1">
					<methods/>
					<lines>
						<line number="1" hits="1"/>
						<line number="2" hits="1"/>
						<line number="3" hits="1"/>
						<line number="5" hits="1"/>
						<line number="8" hits="1"/>
						<line number="9" hits="1"/>
						<line number="13" hits="0"/>
						<line number="15" hits="0"/>
						<line number="16" hits="0"/>
					</lines>
				</class>
				<class name="admin.py" filename="accounts/admin.py" complexity="0" line-rate="1" branch-rate="1">
					<methods/>
					<lines>
						<line number="1" hits="1"/>
						<line number="2" hits="1"/>
						<line number="3" hits="1"/>
						<line number="5" hits="1"/>
						<line number="8" hits="1"/>
						<line number="9" hits="1"/>
						<line number="12" hits="1"/>
						<line number="13" hits="1"/>
						<line number="17" hits="1"/>
						<line number="18" hits="1"/>
					</lines>
				</class>
				<class name="apps.py" filename="accounts/apps.py" complexity="0" line-rate="1" branch-rate="1">
					<methods/>
					<lines>
						<line number="1" hits="1"/>
						<line number="4" hits="1"/>
						<line number="5" hits="1"/>
						<line number="6" hits="1"/>
						<line number="8" hits="1"/>
						<line number="9" hits="1"/>
					</lines>
				</class>
				<class name="defaults.py" filename="accounts/defaults.py" complexity="0" line-rate="1" branch-rate="1">
					<methods/>
					<lines>
						<line number="1" hits="1"/>
						<line number="11" hits="1"/>
					</lines>
				</class>
				<class name="factories.py" filename="accounts/factories.py" complexity="0" line-rate="0" branch-rate="0">
					<methods/>
					<lines>
						<line number="1" hits="0"/>
						<line number="3" hits="0"/>
						<line number="4" hits="0"/>
						<line number="5" hits="0"/>
						<line number="6" hits="0"/>
						<line number="7" hits="0"/>
						<line number="8" hits="0"/>
						<line number="10" hits="0"/>
						<line number="12" hits="0"/>
						<line number="14" hits="0"/>
						<line number="17" hits="0"/>
						<line number="18" hits="0"/>
						<line number="19" hits="0"/>
						<line number="20" hits="0"/>
						<line number="22" hits="0"/>
						<line number="25" hits="0"/>
						<line number="26" hits="0"/>
						<line number="27" hits="0"/>
						<line number="28" hits="0"/>
						<line number="30" hits="0"/>
						<line number="34" hits="0"/>
						<line number="35" hits="0"/>
						<line number="36" hits="0"/>
						<line number="39" hits="0"/>
						<line number="40" hits="0"/>
						<line number="41" hits="0"/>
						<line number="42" hits="0"/>
						<line number="44" hits="0"/>
						<line number="45" hits="0"/>
						<line number="47" hits="0"/>
						<line number="50" hits="0"/>
						<line number="51" hits="0"/>
						<line number="53" hits="0"/>
						<line number="58" hits="0"/>
						<line number="63" hits="0"/>
						<line number="64" hits="0"/>
						<line number="69" hits="0" branch="true" condition-coverage="0% (0/2)" missing-branches="70,72"/>
						<line number="70" hits="0"/>
						<line number="72" hits="0" branch="true" condition-coverage="0% (0/2)" missing-branches="exit,73"/>
						<line number="73" hits="0" branch="true" condition-coverage="0% (0/2)" missing-branches="exit,74"/>
						<line number="74" hits="0"/>
						<line number="75" hits="0"/>
						<line number="77" hits="0" branch="true" condition-coverage="0% (0/2)" missing-branches="73,78"/>
						<line number="78" hits="0"/>
						<line number="82" hits="0"/>
						<line number="83" hits="0"/>
						<line number="87" hits="0" branch="true" condition-coverage="0% (0/2)" missing-branches="88,90"/>
						<line number="88" hits="0"/>
						<line number="90" hits="0"/>
					</lines>
				</class>
				<class name="forms.py" filename="accounts/forms.py" complexity="0" line-rate="0.5455" branch-rate="0">
					<methods/>
					<lines>
						<line number="1" hits="1"/>
						<line number="3" hits="1"/>
						<line number="4" hits="1"/>
						<line number="5" hits="1"/>
						<line number="6" hits="1"/>
						<line number="7" hits="1"/>
						<line number="8" hits="1"/>
						<line number="10" hits="1"/>
						<line number="11" hits="1"/>
						<line number="20" hits="1"/>
						<line number="21" hits="1"/>
						<line number="28" hits="1"/>
						<line number="35" hits="1"/>
						<line number="41" hits="1"/>
						<line number="43" hits="1"/>
						<line number="55" hits="1"/>
						<line number="56" hits="0"/>
						<line number="57" hits="0"/>
						<line number="58" hits="0"/>
						<line number="63" hits="0"/>
						<line number="68" hits="0"/>
						<line number="70" hits="0"/>
						<line number="72" hits="1"/>
						<line number="73" hits="0"/>
						<line number="75" hits="0"/>
						<line number="77" hits="0" branch="true" condition-coverage="0% (0/2)" missing-branches="78,82"/>
						<line number="78" hits="0"/>
						<line number="82" hits="0"/>
						<line number="84" hits="1"/>
						<line number="85" hits="0"/>
						<line number="87" hits="0" branch="true" condition-coverage="0% (0/2)" missing-branches="88,95"/>
						<line number="88" hits="0"/>
						<line number="95" hits="0"/>
						<line number="97" hits="1"/>
						<line number="98" hits="0"/>
						<line number="99" hits="0"/>
						<line number="100" hits="0"/>
						<line number="101" hits="0"/>
						<line number="102" hits="0"/>
						<line number="103" hits="0"/>
						<line number="104" hits="0"/>
						<line number="107" hits="1"/>
						<line number="110" hits="1"/>
						<line number="111" hits="1"/>
						<line number="113" hits="1"/>
						<line number="114" hits="1"/>
						<line number="121" hits="1"/>
						<line number="143" hits="1"/>
						<line number="144" hits="0"/>
						<line number="146" hits="0" branch="true" condition-coverage="0% (0/2)" missing-branches="exit,148"/>
						<line number="148" hits="0" branch="true" condition-coverage="0% (0/2)" missing-branches="149,151"/>
						<line number="149" hits="0"/>
						<line number="151" hits="0" branch="true" condition-coverage="0% (0/2)" missing-branches="152,155"/>
						<line number="152" hits="0"/>
						<line number="155" hits="0"/>
						<line number="156" hits="0"/>
						<line number="159" hits="1"/>
						<line number="162" hits="1"/>
						<line number="163" hits="1"/>
						<line number="165" hits="1"/>
						<line number="166" hits="1"/>
						<line number="169" hits="1"/>
						<line number="172" hits="1"/>
						<line number="173" hits="1"/>
						<line number="175" hits="1"/>
						<line number="176" hits="1"/>
					</lines>
				</class>
				<class name="mixins.py" filename="accounts/mixins.py" complexity="0" line-rate="1" branch-rate="1">
					<methods/>
					<lines>
						<line number="1" hits="1"/>
						<line number="2" hits="1"/>
						<line number="3" hits="1"/>
						<line number="6" hits="1"/>
						<line number="7" hits="1"/>
						<line number="20" hits="1"/>
						<line number="21" hits="1"/>
					</lines>
				</class>
				<class name="models.py" filename="accounts/models.py" complexity="0" line-rate="1" branch-rate="1">
					<methods/>
					<lines>
						<line number="1" hits="1"/>
						<line number="2" hits="1"/>
						<line number="3" hits="1"/>
					</lines>
				</class>
				<class name="notifications.py" filename="accounts/notifications.py" complexity="0" line-rate="0.1343" branch-rate="0">
					<methods/>
					<lines>
						<line number="7" hits="1"/>
						<line number="8" hits="1"/>
						<line number="9" hits="1"/>
						<line number="10" hits="1"/>
						<line number="12" hits="1"/>
						<line number="18" hits="1"/>
						<line number="25" hits="0"/>
						<line number="26" hits="0"/>
						<line number="29" hits="0"/>
						<line number="40" hits="0"/>
						<line number="42" hits="0"/>
						<line number="71" hits="1"/>
						<line number="73" hits="0"/>
						<line number="74" hits="0"/>
						<line number="75" hits="0" branch="true" condition-coverage="0% (0/2)" missing-branches="76,80"/>
						<line number="76" hits="0"/>
						<line number="77" hits="0"/>
						<line number="78" hits="0"/>
						<line number="80" hits="0"/>
						<line number="81" hits="0"/>
						<line number="89" hits="0"/>
						<line number="90" hits="0"/>
						<line number="93" hits="0"/>
						<line number="94" hits="0"/>
						<line number="95" hits="0"/>
						<line number="98" hits="0"/>
						<line number="99" hits="0"/>
						<line number="100" hits="0"/>
						<line number="108" hits="0"/>
						<line number="109" hits="0"/>
						<line number="112" hits="1"/>
						<line number="114" hits="0"/>
						<line number="115" hits="0"/>
						<line number="125" hits="0"/>
						<line number="126" hits="0"/>
						<line number="129" hits="0"/>
						<line number="130" hits="0"/>
						<line number="131" hits="0"/>
						<line number="134" hits="0"/>
						<line number="135" hits="0"/>
						<line number="136" hits="0"/>
						<line number="144" hits="0"/>
						<line number="145" hits="0"/>
						<line number="148" hits="1"/>
						<line number="150" hits="0"/>
						<line number="151" hits="0"/>
						<line number="152" hits="0" branch="true" condition-coverage="0% (0/2)" missing-branches="153,157"/>
						<line number="153" hits="0"/>
						<line number="154" hits="0"/>
						<line number="155" hits="0"/>
						<line number="157" hits="0"/>
						<line number="159" hits="0" branch="true" condition-coverage="0% (0/2)" missing-branches="160,163"/>
						<line number="160" hits="0"/>
						<line number="161" hits="0"/>
						<line number="163" hits="0"/>
						<line number="164" hits="0"/>
						<line number="166" hits="0"/>
						<line number="175" hits="0"/>
						<line number="176" hits="0"/>
						<line number="179" hits="0"/>
						<line number="180" hits="0"/>
						<line number="181" hits="0"/>
						<line number="183" hits="0"/>
						<line number="184" hits="0"/>
						<line number="187" hits="0"/>
						<line number="195" hits="0"/>
						<line number="196" hits="0"/>
					</lines>
				</class>
				<class name="signals.py" filename="accounts/signals.py" complexity="0" line-rate="0.4688" branch-rate="0.1">
					<methods/>
					<lines>
						<line number="1" hits="1"/>
						<line number="2" hits="1"/>
						<line number="3" hits="1"/>
						<line number="5" hits="1"/>
						<line number="10" hits="1"/>
						<line number="19" hits="1"/>
						<line number="21" hits="1"/>
						<line number="23" hits="1"/>
						<line number="26" hits="1"/>
						<line number="27" hits="1"/>
						<line number="28" hits="1" branch="true" condition-coverage="50% (1/2)" missing-branches="29"/>
						<line number="29" hits="0"/>
						<line number="32" hits="1"/>
						<line number="33" hits="1"/>
						<line number="36" hits="1"/>
						<line number="37" hits="1"/>
						<line number="42" hits="0"/>
						<line number="43" hits="0"/>
						<line number="44" hits="0"/>
						<line number="45" hits="0"/>
						<line number="47" hits="0" branch="true" condition-coverage="0% (0/2)" missing-branches="48,57"/>
						<line number="48" hits="0" branch="true" condition-coverage="0% (0/2)" missing-branches="50,57"/>
						<line number="50" hits="0"/>
						<line number="53" hits="0"/>
						<line number="55" hits="0"/>
						<line number="57" hits="0" branch="true" condition-coverage="0% (0/2)" missing-branches="exit,58"/>
						<line number="58" hits="0" branch="true" condition-coverage="0% (0/2)" missing-branches="exit,59"/>
						<line number="59" hits="0"/>
						<line number="60" hits="0"/>
						<line number="61" hits="0"/>
						<line number="62" hits="0"/>
						<line number="64" hits="0"/>
					</lines>
				</class>
				<class name="utils.py" filename="accounts/utils.py" complexity="0" line-rate="0.6667" branch-rate="1">
					<methods/>
					<lines>
						<line number="1" hits="1"/>
						<line number="3" hits="1"/>
						<line number="4" hits="1"/>
						<line number="5" hits="1"/>
						<line number="7" hits="1"/>
						<line number="8" hits="1"/>
						<line number="11" hits="1"/>
						<line number="15" hits="0"/>
						<line number="16" hits="0"/>
						<line number="22" hits="0"/>
						<line number="25" hits="1"/>
						<line number="26" hits="1"/>
						<line number="29" hits="1"/>
						<line number="30" hits="0"/>
						<line number="31" hits="0"/>
					</lines>
				</class>
				<class name="validators.py" filename="accounts/validators.py" complexity="0" line-rate="0.9615" branch-rate="1">
					<methods/>
					<lines>
						<line number="1" hits="1"/>
						<line number="3" hits="1"/>
						<line number="4" hits="1"/>
						<line number="5" hits="1"/>
						<line number="6" hits="1"/>
						<line number="8" hits="1"/>
						<line number="10" hits="1"/>
						<line number="16" hits="1"/>
						<line number="18" hits="1"/>
						<line number="20" hits="1"/>
						<line number="24" hits="1"/>
						<line number="26" hits="1"/>
						<line number="28" hits="1"/>
						<line number="32" hits="1"/>
						<line number="39" hits="1"/>
						<line number="45" hits="1"/>
						<line number="49" hits="1"/>
						<line number="55" hits="1"/>
						<line number="62" hits="1"/>
						<line number="69" hits="1"/>
						<line number="70" hits="1"/>
						<line number="71" hits="1"/>
						<line number="72" hits="1"/>
						<line number="74" hits="1"/>
						<line number="75" hits="0"/>
						<line number="78" hits="1"/>
					</lines>
				</class>
				<class name="views.py" filename="accounts/views.py" complexity="0" line-rate="0.2803" branch-rate="0">
					<methods/>
					<lines>
						<line number="1" hits="1"/>
						<line number="2" hits="1"/>
						<line number="3" hits="1"/>
						<line number="4" hits="1"/>
						<line number="5" hits="1"/>
						<line number="6" hits="1"/>
						<line number="7" hits="1"/>
						<line number="8" hits="1"/>
						<line number="10" hits="1"/>
						<line number="15" hits="1"/>
						<line number="16" hits="1"/>
						<line number="21" hits="1"/>
						<line number="27" hits="1"/>
						<line number="30" hits="1"/>
						<line number="35" hits="1"/>
						<line number="38" hits="1"/>
						<line number="43" hits="1"/>
						<line number="44" hits="1"/>
						<line number="45" hits="1"/>
						<line number="46" hits="1"/>
						<line number="48" hits="1"/>
						<line number="49" hits="0"/>
						<line number="53" hits="1"/>
						<line number="57" hits="0"/>
						<line number="58" hits="0" branch="true" condition-coverage="0% (0/2)" missing-branches="59,61"/>
						<line number="59" hits="0"/>
						<line number="61" hits="0"/>
						<line number="64" hits="1"/>
						<line number="69" hits="1"/>
						<line number="70" hits="1"/>
						<line number="72" hits="1"/>
						<line number="73" hits="0"/>
						<line number="74" hits="0"/>
						<line number="75" hits="0"/>
						<line number="76" hits="0"/>
						<line number="78" hits="1"/>
						<line number="79" hits="0"/>
						<line number="82" hits="0"/>
						<line number="83" hits="0"/>
						<line number="86" hits="0" branch="true" condition-coverage="0% (0/2)" missing-branches="87,94"/>
						<line number="87" hits="0"/>
						<line number="94" hits="0" branch="true" condition-coverage="0% (0/2)" missing-branches="95,104"/>
						<line number="95" hits="0"/>
						<line number="98" hits="0"/>
						<line number="104" hits="0" branch="true" condition-coverage="0% (0/2)" missing-branches="105,115"/>
						<line number="105" hits="0" branch="true" condition-coverage="0% (0/2)" missing-branches="106,115"/>
						<line number="106" hits="0"/>
						<line number="109" hits="0"/>
						<line number="115" hits="0" branch="true" condition-coverage="0% (0/2)" missing-branches="116,122"/>
						<line number="116" hits="0"/>
						<line number="117" hits="0"/>
						<line number="118" hits="0"/>
						<line number="119" hits="0"/>
						<line number="120" hits="0"/>
						<line number="122" hits="0"/>
						<line number="124" hits="1"/>
						<line number="126" hits="0"/>
						<line number="128" hits="0" branch="true" condition-coverage="0% (0/2)" missing-branches="129,145"/>
						<line number="129" hits="0"/>
						<line number="136" hits="0" branch="true" condition-coverage="0% (0/2)" missing-branches="137,143"/>
						<line number="137" hits="0"/>
						<line number="138" hits="0"/>
						<line number="139" hits="0"/>
						<line number="140" hits="0"/>
						<line number="141" hits="0"/>
						<line number="143" hits="0"/>
						<line number="145" hits="0" branch="true" condition-coverage="0% (0/2)" missing-branches="146,167"/>
						<line number="146" hits="0"/>
						<line number="149" hits="0"/>
						<line number="154" hits="0" branch="true" condition-coverage="0% (0/2)" missing-branches="155,163"/>
						<line number="155" hits="0"/>
						<line number="156" hits="0"/>
						<line number="157" hits="0"/>
						<line number="158" hits="0"/>
						<line number="159" hits="0"/>
						<line number="163" hits="0"/>
						<line number="167" hits="0" branch="true" condition-coverage="0% (0/2)" missing-branches="168,197"/>
						<line number="168" hits="0" branch="true" condition-coverage="0% (0/2)" missing-branches="169,174"/>
						<line number="169" hits="0"/>
						<line number="172" hits="0"/>
						<line number="174" hits="0"/>
						<line number="177" hits="0"/>
						<line number="182" hits="0" branch="true" condition-coverage="0% (0/2)" missing-branches="183,193"/>
						<line number="183" hits="0"/>
						<line number="184" hits="0"/>
						<line number="185" hits="0"/>
						<line number="186" hits="0"/>
						<line number="189" hits="0"/>
						<line number="193" hits="0"/>
						<line number="197" hits="0"/>
						<line number="199" hits="1"/>
						<line number="201" hits="0"/>
						<line number="202" hits="0"/>
						<line number="203" hits="0"/>
						<line number="204" hits="0"/>
						<line number="207" hits="1"/>
						<line number="208" hits="1"/>
						<line number="209" hits="0" branch="true" condition-coverage="0% (0/2)" missing-branches="210,212"/>
						<line number="210" hits="0"/>
						<line number="212" hits="0"/>
						<line number="215" hits="1"/>
						<line number="216" hits="1"/>
						<line number="217" hits="0"/>
						<line number="219" hits="0" branch="true" condition-coverage="0% (0/2)" missing-branches="220,222"/>
						<line number="220" hits="0"/>
						<line number="222" hits="0"/>
						<line number="223" hits="0" branch="true" condition-coverage="0% (0/2)" missing-branches="224,246"/>
						<line number="224" hits="0"/>
						<line number="225" hits="0"/>
						<line number="226" hits="0" branch="true" condition-coverage="0% (0/2)" missing-branches="227,246"/>
						<line number="227" hits="0"/>
						<line number="229" hits="0"/>
						<line number="231" hits="0"/>
						<line number="239" hits="0" branch="true" condition-coverage="0% (0/2)" missing-branches="240,246"/>
						<line number="240" hits="0"/>
						<line number="241" hits="0"/>
						<line number="242" hits="0"/>
						<line number="243" hits="0"/>
						<line number="244" hits="0"/>
						<line number="246" hits="0"/>
						<line number="249" hits="1"/>
						<line number="252" hits="1"/>
						<line number="253" hits="0" branch="true" condition-coverage="0% (0/2)" missing-branches="254,257"/>
						<line number="254" hits="0"/>
						<line number="255" hits="0"/>
						<line number="257" hits="0"/>
						<line number="258" hits="0"/>
						<line number="259" hits="0"/>
						<line number="260" hits="0"/>
						<line number="261" hits="0"/>
						<line number="263" hits="0"/>
						<line number="266" hits="1"/>
						<line number="271" hits="1"/>
						<line number="273" hits="1"/>
						<line number="274" hits="0"/>
						<line number="277" hits="0"/>
						<line number="282" hits="0"/>
						<line number="283" hits="0"/>
						<line number="284" hits="0"/>
						<line number="286" hits="0"/>
						<line number="287" hits="0"/>
						<line number="288" hits="0"/>
						<line number="290" hits="0"/>
						<line number="293" hits="1"/>
						<line number="298" hits="1"/>
						<line number="299" hits="0"/>
						<line number="302" hits="0"/>
						<line number="303" hits="0"/>
						<line number="305" hits="0"/>
						<line number="308" hits="1"/>
						<line number="313" hits="1"/>
						<line number="314" hits="0"/>
						<line number="315" hits="0"/>
						<line number="318" hits="1"/>
						<line number="323" hits="1"/>
						<line number="324" hits="0"/>
						<line number="325" hits="0"/>
					</lines>
				</class>
				<class name="wagtail_hooks.py" filename="accounts/wagtail_hooks.py" complexity="0" line-rate="1" branch-rate="1">
					<methods/>
					<lines>
						<line number="8" hits="1"/>
						<line number="9" hits="1"/>
						<line number="11" hits="1"/>
						<line number="14" hits="1"/>
						<line number="17" hits="1"/>
						<line number="18" hits="1"/>
						<line number="19" hits="1"/>
						<line number="20" hits="1"/>
						<line number="21" hits="1"/>
						<line number="29" hits="1"/>
						<line number="30" hits="1"/>
						<line number="33" hits="1"/>
						<line number="36" hits="1"/>
						<line number="37" hits="1"/>
						<line number="38" hits="1"/>
						<line number="39" hits="1"/>
						<line number="40" hits="1"/>
						<line number="43" hits="1"/>
						<line number="46" hits="1"/>
						<line number="47" hits="1"/>
						<line number="48" hits="1"/>
						<line number="49" hits="1"/>
						<line number="50" hits="1"/>
						<line number="56" hits="1"/>
					</lines>
				</class>
			</classes>
		</package>
		<package name="accounts.management" line-rate="1" branch-rate="1" complexity="0">
			<classes>
				<class name="__init__.py" filename="accounts/management/__init__.py" complexity="0" line-rate="1" branch-rate="1">
					<methods/>
					<lines/>
				</class>
			</classes>
		</package>
		<package name="accounts.management.commands" line-rate="0" branch-rate="0" complexity="0">
			<classes>
				<class name="__init__.py" filename="accounts/management/commands/__init__.py" complexity="0" line-rate="1" branch-rate="1">
					<methods/>
					<lines/>
				</class>
				<class name="seed_users.py" filename="accounts/management/commands/seed_users.py" complexity="0" line-rate="0" branch-rate="0">
					<methods/>
					<lines>
						<line number="1" hits="0"/>
						<line number="2" hits="0"/>
						<line number="4" hits="0"/>
						<line number="7" hits="0"/>
						<line number="8" hits="0"/>
						<line number="10" hits="0"/>
						<line number="11" hits="0"/>
						<line number="14" hits="0"/>
						<line number="20" hits="0"/>
						<line number="28" hits="0"/>
						<line number="29" hits="0"/>
						<line number="30" hits="0"/>
						<line number="31" hits="0"/>
						<line number="34" hits="0" branch="true" condition-coverage="0% (0/2)" missing-branches="35,36"/>
						<line number="35" hits="0"/>
						<line number="36" hits="0" branch="true" condition-coverage="0% (0/2)" missing-branches="37,42"/>
						<line number="37" hits="0"/>
						<line number="42" hits="0"/>
						<line number="45" hits="0" branch="true" condition-coverage="0% (0/2)" missing-branches="46,49"/>
						<line number="46" hits="0" branch="true" condition-coverage="0% (0/2)" missing-branches="45,47"/>
						<line number="47" hits="0"/>
						<line number="49" hits="0"/>
						<line number="55" hits="0" branch="true" condition-coverage="0% (0/2)" missing-branches="56,58"/>
						<line number="56" hits="0"/>
						<line number="58" hits="0"/>
					</lines>
				</class>
			</classes>
		</package>
		<package name="accounts.models_users" line-rate="0.9669" branch-rate="1" complexity="0">
			<classes>
				<class name="__init__.py" filename="accounts/models_users/__init__.py" complexity="0" line-rate="1" branch-rate="1">
					<methods/>
					<lines/>
				</class>
				<class name="profile.py" filename="accounts/models_users/profile.py" complexity="0" line-rate="1" branch-rate="1">
					<methods/>
					<lines>
						<line number="1" hits="1"/>
						<line number="2" hits="1"/>
						<line number="3" hits="1"/>
						<line number="5" hits="1"/>
						<line number="7" hits="1"/>
						<line number="10" hits="1"/>
						<line number="11" hits="1"/>
						<line number="16" hits="1"/>
						<line number="23" hits="1"/>
						<line number="32" hits="1"/>
						<line number="39" hits="1"/>
						<line number="49" hits="1"/>
						<line number="56" hits="1"/>
						<line number="67" hits="1"/>
						<line number="68" hits="1"/>
						<line number="71" hits="1"/>
						<line number="72" hits="1"/>
						<line number="75" hits="1"/>
						<line number="76" hits="1"/>
						<line number="82" hits="1"/>
						<line number="83" hits="1"/>
						<line number="86" hits="1"/>
						<line number="87" hits="1"/>
						<line number="90" hits="1"/>
						<line number="91" hits="1"/>
						<line number="94" hits="1"/>
						<line number="95" hits="1"/>
						<line number="96" hits="1"/>
						<line number="97" hits="1"/>
						<line number="105" hits="1"/>
						<line number="106" hits="1"/>
						<line number="109" hits="1"/>
						<line number="110" hits="1"/>
					</lines>
				</class>
				<class name="user.py" filename="accounts/models_users/user.py" complexity="0" line-rate="0.9123" branch-rate="1">
					<methods/>
					<lines>
						<line number="1" hits="1"/>
						<line number="3" hits="1"/>
						<line number="4" hits="1"/>
						<line number="5" hits="1"/>
						<line number="6" hits="1"/>
						<line number="7" hits="1"/>
						<line number="8" hits="1"/>
						<line number="9" hits="1"/>
						<line number="10" hits="1"/>
						<line number="11" hits="1"/>
						<line number="12" hits="1"/>
						<line number="14" hits="1"/>
						<line number="15" hits="1"/>
						<line number="24" hits="1"/>
						<line number="25" hits="1"/>
						<line number="33" hits="1"/>
						<line number="34" hits="1"/>
						<line number="36" hits="1"/>
						<line number="37" hits="1"/>
						<line number="38" hits="1"/>
						<line number="39" hits="1"/>
						<line number="44" hits="1"/>
						<line number="52" hits="1"/>
						<line number="53" hits="1"/>
						<line number="62" hits="1"/>
						<line number="63" hits="1"/>
						<line number="65" hits="1"/>
						<line number="67" hits="1"/>
						<line number="68" hits="1"/>
						<line number="69" hits="1"/>
						<line number="71" hits="1"/>
						<line number="72" hits="1"/>
						<line number="73" hits="1"/>
						<line number="74" hits="1"/>
						<line number="82" hits="1"/>
						<line number="83" hits="0"/>
						<line number="85" hits="1"/>
						<line number="86" hits="0"/>
						<line number="87" hits="0"/>
						<line number="89" hits="1"/>
						<line number="93" hits="1"/>
						<line number="94" hits="1"/>
						<line number="96" hits="1"/>
						<line number="98" hits="0"/>
						<line number="100" hits="1"/>
						<line number="102" hits="0"/>
						<line number="118" hits="1"/>
						<line number="119" hits="1"/>
						<line number="120" hits="1"/>
						<line number="121" hits="1"/>
						<line number="127" hits="1"/>
						<line number="128" hits="1"/>
						<line number="130" hits="1"/>
						<line number="131" hits="1"/>
						<line number="132" hits="1"/>
						<line number="138" hits="1"/>
						<line number="139" hits="1"/>
					</lines>
				</class>
				<class name="user_settings.py" filename="accounts/models_users/user_settings.py" complexity="0" line-rate="1" branch-rate="1">
					<methods/>
					<lines>
						<line number="1" hits="1"/>
						<line number="3" hits="1"/>
						<line number="4" hits="1"/>
						<line number="5" hits="1"/>
						<line number="6" hits="1"/>
						<line number="8" hits="1"/>
						<line number="11" hits="1"/>
						<line number="16" hits="1"/>
						<line number="17" hits="1"/>
						<line number="18" hits="1"/>
						<line number="19" hits="1"/>
						<line number="22" hits="1"/>
						<line number="23" hits="1"/>
						<line number="24" hits="1"/>
						<line number="25" hits="1"/>
						<line number="26" hits="1"/>
						<line number="29" hits="1"/>
						<line number="30" hits="1"/>
						<line number="31" hits="1"/>
						<line number="32" hits="1"/>
						<line number="37" hits="1"/>
						<line number="41" hits="1"/>
						<line number="42" hits="1"/>
						<line number="46" hits="1"/>
						<line number="47" hits="1"/>
						<line number="52" hits="1"/>
						<line number="59" hits="1"/>
						<line number="64" hits="1"/>
						<line number="71" hits="1"/>
						<line number="76" hits="1"/>
						<line number="81" hits="1"/>
						<line number="87" hits="1"/>
						<line number="89" hits="1"/>
						<line number="90" hits="1"/>
						<line number="93" hits="1"/>
						<line number="94" hits="1"/>
						<line number="102" hits="1"/>
						<line number="103" hits="1"/>
						<line number="106" hits="1"/>
						<line number="107" hits="1"/>
						<line number="111" hits="1"/>
						<line number="112" hits="1"/>
						<line number="117" hits="1"/>
						<line number="124" hits="1"/>
						<line number="129" hits="1"/>
						<line number="136" hits="1"/>
						<line number="143" hits="1"/>
						<line number="148" hits="1"/>
						<line number="155" hits="1"/>
						<line number="161" hits="1"/>
						<line number="169" hits="1"/>
						<line number="170" hits="1"/>
						<line number="175" hits="1"/>
						<line number="176" hits="1"/>
						<line number="182" hits="1"/>
						<line number="183" hits="1"/>
						<line number="189" hits="1"/>
						<line number="197" hits="1"/>
						<line number="198" hits="1"/>
						<line number="201" hits="1"/>
						<line number="202" hits="1"/>
					</lines>
				</class>
			</classes>
		</package>
		<package name="blog" line-rate="1" branch-rate="1" complexity="0">
			<classes>
				<class name="__init__.py" filename="blog/__init__.py" complexity="0" line-rate="1" branch-rate="1">
					<methods/>
					<lines/>
				</class>
				<class name="apps.py" filename="blog/apps.py" complexity="0" line-rate="1" branch-rate="1">
					<methods/>
					<lines>
						<line number="1" hits="1"/>
						<line number="4" hits="1"/>
						<line number="5" hits="1"/>
						<line number="6" hits="1"/>
					</lines>
				</class>
				<class name="models.py" filename="blog/models.py" complexity="0" line-rate="1" branch-rate="1">
					<methods/>
					<lines>
						<line number="1" hits="1"/>
						<line number="2" hits="1"/>
						<line number="3" hits="1"/>
						<line number="6" hits="1"/>
						<line number="7" hits="1"/>
						<line number="9" hits="1"/>
						<line number="12" hits="1"/>
						<line number="13" hits="1"/>
						<line number="14" hits="1"/>
						<line number="15" hits="1"/>
						<line number="17" hits="1"/>
					</lines>
				</class>
			</classes>
		</package>
		<package name="common" line-rate="0.3056" branch-rate="0" complexity="0">
			<classes>
				<class name="__init__.py" filename="common/__init__.py" complexity="0" line-rate="1" branch-rate="1">
					<methods/>
					<lines/>
				</class>
				<class name="utils.py" filename="common/utils.py" complexity="0" line-rate="0.3056" branch-rate="0">
					<methods/>
					<lines>
						<line number="1" hits="1"/>
						<line number="2" hits="1"/>
						<line number="3" hits="1"/>
						<line number="4" hits="1"/>
						<line number="7" hits="1"/>
						<line number="9" hits="0" branch="true" condition-coverage="0% (0/2)" missing-branches="10,13"/>
						<line number="10" hits="0"/>
						<line number="13" hits="0"/>
						<line number="17" hits="0"/>
						<line number="22" hits="1"/>
						<line number="24" hits="0" branch="true" condition-coverage="0% (0/2)" missing-branches="25,28"/>
						<line number="25" hits="0"/>
						<line number="28" hits="0"/>
						<line number="32" hits="0"/>
						<line number="35" hits="1"/>
						<line number="37" hits="0" branch="true" condition-coverage="0% (0/2)" missing-branches="38,41"/>
						<line number="38" hits="0"/>
						<line number="41" hits="0"/>
						<line number="45" hits="0"/>
						<line number="48" hits="1"/>
						<line number="50" hits="0" branch="true" condition-coverage="0% (0/2)" missing-branches="51,54"/>
						<line number="51" hits="0"/>
						<line number="54" hits="0"/>
						<line number="58" hits="0"/>
						<line number="61" hits="1"/>
						<line number="62" hits="0"/>
						<line number="63" hits="0"/>
						<line number="66" hits="1"/>
						<line number="67" hits="0"/>
						<line number="68" hits="0"/>
						<line number="69" hits="0"/>
						<line number="74" hits="1"/>
						<line number="77" hits="0"/>
						<line number="78" hits="0"/>
						<line number="79" hits="0"/>
						<line number="81" hits="0"/>
					</lines>
				</class>
			</classes>
		</package>
		<package name="contact" line-rate="0.5667" branch-rate="0" complexity="0">
			<classes>
				<class name="__init__.py" filename="contact/__init__.py" complexity="0" line-rate="1" branch-rate="1">
					<methods/>
					<lines/>
				</class>
				<class name="apps.py" filename="contact/apps.py" complexity="0" line-rate="1" branch-rate="1">
					<methods/>
					<lines>
						<line number="1" hits="1"/>
						<line number="4" hits="1"/>
						<line number="5" hits="1"/>
						<line number="6" hits="1"/>
					</lines>
				</class>
				<class name="models.py" filename="contact/models.py" complexity="0" line-rate="0.5357" branch-rate="0">
					<methods/>
					<lines>
						<line number="1" hits="1"/>
						<line number="2" hits="1"/>
						<line number="3" hits="1"/>
						<line number="4" hits="1"/>
						<line number="5" hits="1"/>
						<line number="6" hits="1"/>
						<line number="7" hits="1"/>
						<line number="8" hits="1"/>
						<line number="11" hits="1"/>
						<line number="12" hits="1"/>
						<line number="13" hits="1"/>
						<line number="15" hits="1"/>
						<line number="20" hits="1"/>
						<line number="21" hits="0" branch="true" condition-coverage="0% (0/2)" missing-branches="22,23"/>
						<line number="22" hits="0"/>
						<line number="23" hits="0"/>
						<line number="25" hits="1"/>
						<line number="26" hits="0"/>
						<line number="29" hits="1"/>
						<line number="30" hits="1"/>
						<line number="31" hits="1"/>
						<line number="41" hits="1"/>
						<line number="52" hits="1"/>
						<line number="58" hits="1"/>
						<line number="59" hits="1"/>
						<line number="64" hits="1"/>
						<line number="65" hits="1"/>
						<line number="66" hits="1"/>
						<line number="68" hits="1"/>
						<line number="74" hits="1"/>
						<line number="76" hits="1"/>
						<line number="77" hits="0"/>
						<line number="78" hits="0"/>
						<line number="80" hits="1"/>
						<line number="81" hits="0"/>
						<line number="82" hits="0" branch="true" condition-coverage="0% (0/2)" missing-branches="83,85"/>
						<line number="83" hits="0"/>
						<line number="84" hits="0"/>
						<line number="85" hits="0"/>
						<line number="87" hits="1"/>
						<line number="88" hits="0"/>
						<line number="89" hits="0"/>
						<line number="91" hits="1"/>
						<line number="93" hits="0"/>
						<line number="94" hits="0"/>
						<line number="95" hits="0"/>
						<line number="96" hits="0"/>
						<line number="97" hits="0" branch="true" condition-coverage="0% (0/2)" missing-branches="98,103"/>
						<line number="98" hits="0"/>
						<line number="99" hits="0"/>
						<line number="100" hits="0"/>
						<line number="103" hits="0"/>
						<line number="104" hits="0" branch="true" condition-coverage="0% (0/2)" missing-branches="105,107"/>
						<line number="105" hits="0"/>
						<line number="107" hits="0"/>
						<line number="109" hits="0"/>
					</lines>
				</class>
			</classes>
		</package>
		<package name="core" line-rate="0.8054" branch-rate="0" complexity="0">
			<classes>
				<class name="__init__.py" filename="core/__init__.py" complexity="0" line-rate="1" branch-rate="1">
					<methods/>
					<lines/>
				</class>
				<class name="apps.py" filename="core/apps.py" complexity="0" line-rate="1" branch-rate="1">
					<methods/>
					<lines>
						<line number="1" hits="1"/>
						<line number="4" hits="1"/>
						<line number="5" hits="1"/>
						<line number="6" hits="1"/>
					</lines>
				</class>
				<class name="blocks.py" filename="core/blocks.py" complexity="0" line-rate="1" branch-rate="1">
					<methods/>
					<lines>
						<line number="8" hits="1"/>
						<line number="9" hits="1"/>
						<line number="12" hits="1"/>
						<line number="17" hits="1"/>
						<line number="18" hits="1"/>
						<line number="19" hits="1"/>
						<line number="24" hits="1"/>
						<line number="29" hits="1"/>
						<line number="33" hits="1"/>
						<line number="44" hits="1"/>
						<line number="54" hits="1"/>
						<line number="64" hits="1"/>
						<line number="65" hits="1"/>
						<line number="66" hits="1"/>
						<line number="67" hits="1"/>
						<line number="68" hits="1"/>
						<line number="71" hits="1"/>
						<line number="76" hits="1"/>
						<line number="92" hits="1"/>
						<line number="101" hits="1"/>
						<line number="110" hits="1"/>
						<line number="111" hits="1"/>
						<line number="112" hits="1"/>
						<line number="113" hits="1"/>
						<line number="114" hits="1"/>
						<line number="117" hits="1"/>
						<line number="122" hits="1"/>
						<line number="127" hits="1"/>
						<line number="140" hits="1"/>
						<line number="141" hits="1"/>
						<line number="148" hits="1"/>
						<line number="158" hits="1"/>
						<line number="159" hits="1"/>
						<line number="160" hits="1"/>
						<line number="161" hits="1"/>
						<line number="162" hits="1"/>
						<line number="165" hits="1"/>
						<line number="170" hits="1"/>
						<line number="174" hits="1"/>
						<line number="178" hits="1"/>
						<line number="182" hits="1"/>
						<line number="183" hits="1"/>
						<line number="191" hits="1"/>
						<line number="199" hits="1"/>
						<line number="208" hits="1"/>
						<line number="209" hits="1"/>
						<line number="210" hits="1"/>
						<line number="211" hits="1"/>
						<line number="212" hits="1"/>
						<line number="215" hits="1"/>
						<line number="220" hits="1"/>
						<line number="224" hits="1"/>
						<line number="228" hits="1"/>
						<line number="233" hits="1"/>
						<line number="237" hits="1"/>
						<line number="244" hits="1"/>
						<line number="245" hits="1"/>
						<line number="246" hits="1"/>
						<line number="247" hits="1"/>
						<line number="248" hits="1"/>
						<line number="251" hits="1"/>
						<line number="256" hits="1"/>
						<line number="261" hits="1"/>
						<line number="292" hits="1"/>
						<line number="300" hits="1"/>
						<line number="309" hits="1"/>
						<line number="310" hits="1"/>
						<line number="311" hits="1"/>
						<line number="312" hits="1"/>
						<line number="313" hits="1"/>
						<line number="316" hits="1"/>
						<line number="321" hits="1"/>
						<line number="326" hits="1"/>
						<line number="352" hits="1"/>
						<line number="353" hits="1"/>
						<line number="354" hits="1"/>
						<line number="355" hits="1"/>
						<line number="356" hits="1"/>
						<line number="359" hits="1"/>
						<line number="364" hits="1"/>
						<line number="374" hits="1"/>
						<line number="375" hits="1"/>
						<line number="376" hits="1"/>
						<line number="377" hits="1"/>
						<line number="378" hits="1"/>
					</lines>
				</class>
				<class name="context_processors.py" filename="core/context_processors.py" complexity="0" line-rate="0" branch-rate="0">
					<methods/>
					<lines>
						<line number="1" hits="0"/>
						<line number="2" hits="0"/>
						<line number="5" hits="0"/>
						<line number="6" hits="0" branch="true" condition-coverage="0% (0/2)" missing-branches="7,64"/>
						<line number="7" hits="0" branch="true" condition-coverage="0% (0/2)" missing-branches="8,11"/>
						<line number="8" hits="0"/>
						<line number="11" hits="0" branch="true" condition-coverage="0% (0/2)" missing-branches="12,14"/>
						<line number="12" hits="0"/>
						<line number="14" hits="0"/>
						<line number="16" hits="0"/>
						<line number="20" hits="0" branch="true" condition-coverage="0% (0/2)" missing-branches="21,41"/>
						<line number="21" hits="0" branch="true" condition-coverage="0% (0/2)" missing-branches="22,24"/>
						<line number="22" hits="0"/>
						<line number="24" hits="0" branch="true" condition-coverage="0% (0/2)" missing-branches="30,39"/>
						<line number="30" hits="0"/>
						<line number="39" hits="0"/>
						<line number="41" hits="0" branch="true" condition-coverage="0% (0/2)" missing-branches="44,48"/>
						<line number="44" hits="0"/>
						<line number="46" hits="0"/>
						<line number="48" hits="0"/>
						<line number="54" hits="0" branch="true" condition-coverage="0% (0/2)" missing-branches="58,64"/>
						<line number="58" hits="0"/>
						<line number="62" hits="0"/>
						<line number="64" hits="0"/>
					</lines>
				</class>
				<class name="models.py" filename="core/models.py" complexity="0" line-rate="1" branch-rate="1">
					<methods/>
					<lines>
						<line number="1" hits="1"/>
						<line number="2" hits="1"/>
						<line number="3" hits="1"/>
						<line number="4" hits="1"/>
						<line number="5" hits="1"/>
						<line number="7" hits="1"/>
						<line number="19" hits="1"/>
						<line number="20" hits="1"/>
						<line number="22" hits="1"/>
						<line number="39" hits="1"/>
						<line number="45" hits="1"/>
						<line number="50" hits="1"/>
						<line number="51" hits="1"/>
						<line number="52" hits="1"/>
						<line number="57" hits="1"/>
						<line number="58" hits="1"/>
						<line number="67" hits="1"/>
						<line number="71" hits="1"/>
						<line number="77" hits="1"/>
						<line number="81" hits="1"/>
						<line number="85" hits="1"/>
						<line number="91" hits="1"/>
						<line number="95" hits="1"/>
						<line number="99" hits="1"/>
						<line number="103" hits="1"/>
						<line number="109" hits="1"/>
						<line number="113" hits="1"/>
						<line number="119" hits="1"/>
						<line number="123" hits="1"/>
						<line number="129" hits="1"/>
						<line number="133" hits="1"/>
						<line number="139" hits="1"/>
						<line number="143" hits="1"/>
						<line number="149" hits="1"/>
						<line number="153" hits="1"/>
						<line number="159" hits="1"/>
						<line number="163" hits="1"/>
						<line number="167" hits="1"/>
						<line number="173" hits="1"/>
						<line number="177" hits="1"/>
						<line number="182" hits="1"/>
						<line number="263" hits="1"/>
						<line number="264" hits="1"/>
					</lines>
				</class>
				<class name="views.py" filename="core/views.py" complexity="0" line-rate="0" branch-rate="1">
					<methods/>
					<lines>
						<line number="1" hits="0"/>
						<line number="4" hits="0"/>
						<line number="5" hits="0"/>
					</lines>
				</class>
				<class name="wagtail_hooks.py" filename="core/wagtail_hooks.py" complexity="0" line-rate="0.7778" branch-rate="1">
					<methods/>
					<lines>
						<line number="1" hits="1"/>
						<line number="2" hits="1"/>
						<line number="3" hits="1"/>
						<line number="6" hits="1"/>
						<line number="7" hits="1"/>
						<line number="8" hits="0"/>
						<line number="15" hits="1"/>
						<line number="16" hits="1"/>
						<line number="17" hits="0"/>
					</lines>
				</class>
				<class name="widgets.py" filename="core/widgets.py" complexity="0" line-rate="0.5882" branch-rate="0">
					<methods/>
					<lines>
						<line number="1" hits="1"/>
						<line number="4" hits="1"/>
						<line number="9" hits="1"/>
						<line number="11" hits="1"/>
						<line number="12" hits="1"/>
						<line number="14" hits="1"/>
						<line number="15" hits="1"/>
						<line number="16" hits="1"/>
						<line number="17" hits="1"/>
						<line number="19" hits="1"/>
						<line number="20" hits="0"/>
						<line number="22" hits="0" branch="true" condition-coverage="0% (0/2)" missing-branches="23,27"/>
						<line number="23" hits="0" branch="true" condition-coverage="0% (0/2)" missing-branches="24,27"/>
						<line number="24" hits="0" branch="true" condition-coverage="0% (0/2)" missing-branches="23,25"/>
						<line number="25" hits="0"/>
						<line number="27" hits="0"/>
						<line number="29" hits="0"/>
					</lines>
				</class>
			</classes>
		</package>
		<package name="core.components" line-rate="1" branch-rate="1" complexity="0">
			<classes>
				<class name="__init__.py" filename="core/components/__init__.py" complexity="0" line-rate="1" branch-rate="1">
					<methods/>
					<lines/>
				</class>
				<class name="accordion.py" filename="core/components/accordion.py" complexity="0" line-rate="1" branch-rate="1">
					<methods/>
					<lines>
						<line number="1" hits="1"/>
						<line number="4" hits="1"/>
						<line number="5" hits="1"/>
						<line number="6" hits="1"/>
					</lines>
				</class>
			</classes>
		</package>
		<package name="core.management" line-rate="1" branch-rate="1" complexity="0">
			<classes>
				<class name="__init__.py" filename="core/management/__init__.py" complexity="0" line-rate="1" branch-rate="1">
					<methods/>
					<lines/>
				</class>
			</classes>
		</package>
		<package name="core.management.commands" line-rate="0" branch-rate="0" complexity="0">
			<classes>
				<class name="__init__.py" filename="core/management/commands/__init__.py" complexity="0" line-rate="1" branch-rate="1">
					<methods/>
					<lines/>
				</class>
				<class name="setup_default_groups.py" filename="core/management/commands/setup_default_groups.py" complexity="0" line-rate="0" branch-rate="0">
					<methods/>
					<lines>
						<line number="1" hits="0"/>
						<line number="2" hits="0"/>
						<line number="3" hits="0"/>
						<line number="4" hits="0"/>
						<line number="6" hits="0"/>
						<line number="7" hits="0"/>
						<line number="17" hits="0"/>
						<line number="18" hits="0"/>
						<line number="23" hits="0"/>
						<line number="24" hits="0"/>
						<line number="25" hits="0"/>
						<line number="29" hits="0" branch="true" condition-coverage="0% (0/2)" missing-branches="30,38"/>
						<line number="30" hits="0"/>
						<line number="31" hits="0"/>
						<line number="34" hits="0"/>
						<line number="38" hits="0"/>
						<line number="43" hits="0"/>
						<line number="54" hits="0"/>
						<line number="62" hits="0"/>
						<line number="71" hits="0" branch="true" condition-coverage="0% (0/2)" missing-branches="72,111"/>
						<line number="72" hits="0"/>
						<line number="77" hits="0" branch="true" condition-coverage="0% (0/2)" missing-branches="78,84"/>
						<line number="78" hits="0"/>
						<line number="79" hits="0"/>
						<line number="84" hits="0" branch="true" condition-coverage="0% (0/2)" missing-branches="85,93"/>
						<line number="85" hits="0" branch="true" condition-coverage="0% (0/2)" missing-branches="86,93"/>
						<line number="86" hits="0"/>
						<line number="87" hits="0"/>
						<line number="93" hits="0" branch="true" condition-coverage="0% (0/2)" missing-branches="71,94"/>
						<line number="94" hits="0" branch="true" condition-coverage="0% (0/2)" missing-branches="71,95"/>
						<line number="95" hits="0"/>
						<line number="96" hits="0"/>
						<line number="97" hits="0"/>
						<line number="101" hits="0" branch="true" condition-coverage="0% (0/2)" missing-branches="94,102"/>
						<line number="102" hits="0"/>
						<line number="106" hits="0"/>
						<line number="107" hits="0"/>
						<line number="111" hits="0"/>
					</lines>
				</class>
			</classes>
		</package>
		<package name="core.templatetags" line-rate="0.8" branch-rate="1" complexity="0">
			<classes>
				<class name="get_item.py" filename="core/templatetags/get_item.py" complexity="0" line-rate="0.75" branch-rate="1">
					<methods/>
					<lines>
						<line number="1" hits="1"/>
						<line number="4" hits="1"/>
						<line number="5" hits="1"/>
						<line number="6" hits="0"/>
					</lines>
				</class>
				<class name="navigation_tags.py" filename="core/templatetags/navigation_tags.py" complexity="0" line-rate="0.8333" branch-rate="1">
					<methods/>
					<lines>
						<line number="1" hits="1"/>
						<line number="2" hits="1"/>
						<line number="4" hits="1"/>
						<line number="7" hits="1"/>
						<line number="8" hits="1"/>
						<line number="9" hits="0"/>
					</lines>
				</class>
			</classes>
		</package>
		<package name="events" line-rate="0.3581" branch-rate="0.09434" complexity="0">
			<classes>
				<class name="__init__.py" filename="events/__init__.py" complexity="0" line-rate="1" branch-rate="1">
					<methods/>
					<lines/>
				</class>
				<class name="apps.py" filename="events/apps.py" complexity="0" line-rate="1" branch-rate="1">
					<methods/>
					<lines>
						<line number="1" hits="1"/>
						<line number="4" hits="1"/>
						<line number="5" hits="1"/>
						<line number="6" hits="1"/>
						<line number="8" hits="1"/>
						<line number="9" hits="1"/>
					</lines>
				</class>
				<class name="blocks.py" filename="events/blocks.py" complexity="0" line-rate="0.8667" branch-rate="1">
					<methods/>
					<lines>
						<line number="1" hits="1"/>
						<line number="3" hits="1"/>
						<line number="6" hits="1"/>
						<line number="7" hits="1"/>
						<line number="8" hits="1"/>
						<line number="10" hits="1"/>
						<line number="11" hits="1"/>
						<line number="13" hits="1"/>
						<line number="20" hits="1"/>
						<line number="21" hits="1"/>
						<line number="22" hits="1"/>
						<line number="23" hits="1"/>
						<line number="25" hits="1"/>
						<line number="29" hits="0"/>
						<line number="30" hits="0"/>
					</lines>
				</class>
				<class name="choices.py" filename="events/choices.py" complexity="0" line-rate="1" branch-rate="1">
					<methods/>
					<lines>
						<line number="1" hits="1"/>
						<line number="2" hits="1"/>
						<line number="3" hits="1"/>
						<line number="6" hits="1"/>
						<line number="11" hits="1"/>
						<line number="12" hits="1"/>
						<line number="13" hits="1"/>
						<line number="14" hits="1"/>
						<line number="17" hits="1"/>
						<line number="22" hits="1"/>
						<line number="23" hits="1"/>
						<line number="24" hits="1"/>
						<line number="27" hits="1"/>
						<line number="32" hits="1"/>
						<line number="33" hits="1"/>
						<line number="34" hits="1"/>
						<line number="35" hits="1"/>
						<line number="36" hits="1"/>
						<line number="40" hits="1"/>
						<line number="46" hits="1"/>
					</lines>
				</class>
				<class name="decorators.py" filename="events/decorators.py" complexity="0" line-rate="0.625" branch-rate="0">
					<methods/>
					<lines>
						<line number="1" hits="1"/>
						<line number="2" hits="1"/>
						<line number="4" hits="1"/>
						<line number="5" hits="1"/>
						<line number="6" hits="1"/>
						<line number="9" hits="1"/>
						<line number="10" hits="1"/>
						<line number="11" hits="1"/>
						<line number="12" hits="1"/>
						<line number="13" hits="0"/>
						<line number="14" hits="0"/>
						<line number="15" hits="0"/>
						<line number="16" hits="0"/>
						<line number="17" hits="0"/>
						<line number="19" hits="1"/>
						<line number="21" hits="1"/>
						<line number="24" hits="1"/>
						<line number="25" hits="1"/>
						<line number="26" hits="1"/>
						<line number="27" hits="0"/>
						<line number="28" hits="0"/>
						<line number="30" hits="1"/>
						<line number="32" hits="1"/>
						<line number="35" hits="1"/>
						<line number="36" hits="1"/>
						<line number="37" hits="1"/>
						<line number="38" hits="0"/>
						<line number="40" hits="0" branch="true" condition-coverage="0% (0/2)" missing-branches="41,44"/>
						<line number="41" hits="0"/>
						<line number="42" hits="0"/>
						<line number="44" hits="0"/>
						<line number="46" hits="1"/>
					</lines>
				</class>
				<class name="factories.py" filename="events/factories.py" complexity="0" line-rate="0" branch-rate="0">
					<methods/>
					<lines>
						<line number="1" hits="0"/>
						<line number="2" hits="0"/>
						<line number="4" hits="0"/>
						<line number="5" hits="0"/>
						<line number="6" hits="0"/>
						<line number="8" hits="0"/>
						<line number="10" hits="0"/>
						<line number="11" hits="0"/>
						<line number="20" hits="0"/>
						<line number="23" hits="0"/>
						<line number="24" hits="0"/>
						<line number="25" hits="0"/>
						<line number="27" hits="0"/>
						<line number="29" hits="0"/>
						<line number="30" hits="0"/>
						<line number="31" hits="0"/>
						<line number="32" hits="0"/>
						<line number="33" hits="0"/>
						<line number="35" hits="0"/>
						<line number="36" hits="0"/>
						<line number="38" hits="0"/>
						<line number="39" hits="0"/>
						<line number="43" hits="0"/>
						<line number="45" hits="0"/>
						<line number="46" hits="0"/>
						<line number="48" hits="0"/>
						<line number="49" hits="0"/>
						<line number="51" hits="0" branch="true" condition-coverage="0% (0/2)" missing-branches="53,65"/>
						<line number="53" hits="0" branch="true" condition-coverage="0% (0/2)" missing-branches="51,54"/>
						<line number="54" hits="0"/>
						<line number="59" hits="0" branch="true" condition-coverage="0% (0/2)" missing-branches="51,60"/>
						<line number="60" hits="0"/>
						<line number="65" hits="0"/>
						<line number="67" hits="0"/>
						<line number="68" hits="0"/>
						<line number="69" hits="0" branch="true" condition-coverage="0% (0/2)" missing-branches="70,73"/>
						<line number="70" hits="0"/>
						<line number="73" hits="0"/>
						<line number="74" hits="0" branch="true" condition-coverage="0% (0/2)" missing-branches="75,77"/>
						<line number="75" hits="0"/>
						<line number="77" hits="0" branch="true" condition-coverage="0% (0/2)" missing-branches="exit,78"/>
						<line number="78" hits="0"/>
						<line number="79" hits="0"/>
						<line number="81" hits="0"/>
						<line number="82" hits="0"/>
						<line number="83" hits="0" branch="true" condition-coverage="0% (0/2)" missing-branches="84,86"/>
						<line number="84" hits="0"/>
						<line number="86" hits="0"/>
						<line number="87" hits="0" branch="true" condition-coverage="0% (0/2)" missing-branches="88,89"/>
						<line number="88" hits="0"/>
						<line number="89" hits="0"/>
						<line number="94" hits="0"/>
						<line number="95" hits="0"/>
						<line number="96" hits="0"/>
						<line number="99" hits="0"/>
						<line number="100" hits="0"/>
						<line number="101" hits="0"/>
						<line number="103" hits="0"/>
						<line number="105" hits="0"/>
						<line number="111" hits="0"/>
						<line number="115" hits="0"/>
						<line number="119" hits="0"/>
						<line number="120" hits="0"/>
						<line number="121" hits="0" branch="true" condition-coverage="0% (0/2)" missing-branches="122,124"/>
						<line number="122" hits="0"/>
						<line number="124" hits="0" branch="true" condition-coverage="0% (0/2)" missing-branches="125,127"/>
						<line number="125" hits="0"/>
						<line number="127" hits="0"/>
						<line number="129" hits="0"/>
						<line number="130" hits="0"/>
						<line number="131" hits="0" branch="true" condition-coverage="0% (0/2)" missing-branches="132,134"/>
						<line number="132" hits="0"/>
						<line number="134" hits="0" branch="true" condition-coverage="0% (0/2)" missing-branches="135,137"/>
						<line number="135" hits="0"/>
						<line number="137" hits="0"/>
						<line number="140" hits="0"/>
						<line number="141" hits="0"/>
						<line number="142" hits="0"/>
						<line number="144" hits="0"/>
						<line number="146" hits="0"/>
						<line number="147" hits="0"/>
						<line number="148" hits="0"/>
						<line number="150" hits="0"/>
						<line number="156" hits="0"/>
						<line number="160" hits="0"/>
						<line number="161" hits="0"/>
						<line number="162" hits="0"/>
						<line number="163" hits="0"/>
						<line number="164" hits="0"/>
						<line number="165" hits="0"/>
						<line number="166" hits="0"/>
						<line number="168" hits="0"/>
						<line number="170" hits="0"/>
						<line number="171" hits="0"/>
						<line number="173" hits="0"/>
						<line number="174" hits="0"/>
						<line number="176" hits="0" branch="true" condition-coverage="0% (0/2)" missing-branches="178,190"/>
						<line number="178" hits="0" branch="true" condition-coverage="0% (0/2)" missing-branches="176,179"/>
						<line number="179" hits="0"/>
						<line number="184" hits="0" branch="true" condition-coverage="0% (0/2)" missing-branches="176,185"/>
						<line number="185" hits="0"/>
						<line number="190" hits="0"/>
						<line number="192" hits="0"/>
						<line number="193" hits="0"/>
						<line number="194" hits="0" branch="true" condition-coverage="0% (0/2)" missing-branches="195,197"/>
						<line number="195" hits="0"/>
						<line number="197" hits="0"/>
						<line number="201" hits="0"/>
						<line number="202" hits="0"/>
						<line number="203" hits="0" branch="true" condition-coverage="0% (0/2)" missing-branches="204,206"/>
						<line number="204" hits="0"/>
						<line number="206" hits="0" branch="true" condition-coverage="0% (0/2)" missing-branches="207,209"/>
						<line number="207" hits="0"/>
						<line number="209" hits="0"/>
						<line number="211" hits="0"/>
						<line number="212" hits="0"/>
						<line number="213" hits="0" branch="true" condition-coverage="0% (0/2)" missing-branches="214,217"/>
						<line number="214" hits="0"/>
						<line number="217" hits="0"/>
						<line number="218" hits="0"/>
						<line number="220" hits="0"/>
						<line number="221" hits="0"/>
						<line number="222" hits="0" branch="true" condition-coverage="0% (0/2)" missing-branches="223,225"/>
						<line number="223" hits="0"/>
						<line number="225" hits="0"/>
						<line number="226" hits="0" branch="true" condition-coverage="0% (0/2)" missing-branches="227,228"/>
						<line number="227" hits="0"/>
						<line number="228" hits="0"/>
						<line number="233" hits="0"/>
						<line number="234" hits="0"/>
						<line number="235" hits="0"/>
					</lines>
				</class>
				<class name="form_fields.py" filename="events/form_fields.py" complexity="0" line-rate="0.2237" branch-rate="0">
					<methods/>
					<lines>
						<line number="1" hits="1"/>
						<line number="2" hits="1"/>
						<line number="3" hits="1"/>
						<line number="4" hits="1"/>
						<line number="7" hits="1"/>
						<line number="17" hits="1"/>
						<line number="19" hits="1"/>
						<line number="24" hits="0" branch="true" condition-coverage="0% (0/2)" missing-branches="25,26"/>
						<line number="25" hits="0"/>
						<line number="26" hits="0"/>
						<line number="28" hits="0"/>
						<line number="29" hits="0"/>
						<line number="31" hits="0" branch="true" condition-coverage="0% (0/2)" missing-branches="32,53"/>
						<line number="32" hits="0"/>
						<line number="33" hits="0"/>
						<line number="34" hits="0" branch="true" condition-coverage="0% (0/2)" missing-branches="35,52"/>
						<line number="35" hits="0"/>
						<line number="39" hits="0"/>
						<line number="44" hits="0"/>
						<line number="45" hits="0"/>
						<line number="52" hits="0"/>
						<line number="53" hits="0"/>
						<line number="56" hits="1"/>
						<line number="62" hits="1"/>
						<line number="63" hits="1"/>
						<line number="64" hits="1"/>
						<line number="65" hits="1"/>
						<line number="66" hits="1"/>
						<line number="67" hits="1"/>
						<line number="69" hits="1"/>
						<line number="74" hits="0" branch="true" condition-coverage="0% (0/2)" missing-branches="75,78"/>
						<line number="75" hits="0"/>
						<line number="78" hits="0" branch="true" condition-coverage="0% (0/2)" missing-branches="79,81"/>
						<line number="79" hits="0"/>
						<line number="81" hits="0"/>
						<line number="84" hits="0" branch="true" condition-coverage="0% (0/2)" missing-branches="85,89"/>
						<line number="85" hits="0"/>
						<line number="86" hits="0" branch="true" condition-coverage="0% (0/2)" missing-branches="84,87"/>
						<line number="87" hits="0"/>
						<line number="89" hits="0"/>
						<line number="91" hits="1"/>
						<line number="93" hits="0"/>
						<line number="96" hits="0" branch="true" condition-coverage="0% (0/2)" missing-branches="97,101"/>
						<line number="97" hits="0"/>
						<line number="101" hits="0"/>
						<line number="103" hits="0"/>
						<line number="105" hits="0" branch="true" condition-coverage="0% (0/2)" missing-branches="106,127"/>
						<line number="106" hits="0"/>
						<line number="107" hits="0"/>
						<line number="108" hits="0"/>
						<line number="109" hits="0"/>
						<line number="111" hits="0"/>
						<line number="112" hits="0" branch="true" condition-coverage="0% (0/2)" missing-branches="113,116"/>
						<line number="113" hits="0"/>
						<line number="116" hits="0" branch="true" condition-coverage="0% (0/2)" missing-branches="117,123"/>
						<line number="117" hits="0"/>
						<line number="123" hits="0"/>
						<line number="124" hits="0" branch="true" condition-coverage="0% (0/2)" missing-branches="105,125"/>
						<line number="125" hits="0"/>
						<line number="127" hits="0"/>
						<line number="129" hits="1"/>
						<line number="130" hits="0"/>
						<line number="132" hits="0"/>
						<line number="135" hits="0"/>
						<line number="136" hits="0" branch="true" condition-coverage="0% (0/2)" missing-branches="exit,137"/>
						<line number="137" hits="0"/>
						<line number="139" hits="0"/>
						<line number="140" hits="0"/>
						<line number="142" hits="0" branch="true" condition-coverage="0% (0/2)" missing-branches="143,152"/>
						<line number="143" hits="0"/>
						<line number="144" hits="0"/>
						<line number="149" hits="0"/>
						<line number="150" hits="0"/>
						<line number="152" hits="0" branch="true" condition-coverage="0% (0/2)" missing-branches="exit,153"/>
						<line number="153" hits="0"/>
						<line number="154" hits="0"/>
					</lines>
				</class>
				<class name="forms.py" filename="events/forms.py" complexity="0" line-rate="1" branch-rate="1">
					<methods/>
					<lines>
						<line number="1" hits="1"/>
						<line number="2" hits="1"/>
					</lines>
				</class>
				<class name="mixins.py" filename="events/mixins.py" complexity="0" line-rate="0.439" branch-rate="0">
					<methods/>
					<lines>
						<line number="1" hits="1"/>
						<line number="3" hits="1"/>
						<line number="4" hits="1"/>
						<line number="5" hits="1"/>
						<line number="8" hits="1"/>
						<line number="9" hits="1"/>
						<line number="11" hits="1"/>
						<line number="12" hits="0"/>
						<line number="18" hits="1"/>
						<line number="19" hits="1"/>
						<line number="24" hits="1"/>
						<line number="31" hits="1"/>
						<line number="32" hits="0"/>
						<line number="34" hits="0" branch="true" condition-coverage="0% (0/2)" missing-branches="35,37"/>
						<line number="35" hits="0"/>
						<line number="37" hits="0"/>
						<line number="39" hits="1"/>
						<line number="40" hits="0"/>
						<line number="42" hits="0" branch="true" condition-coverage="0% (0/2)" missing-branches="43,45"/>
						<line number="43" hits="0"/>
						<line number="45" hits="0"/>
						<line number="48" hits="1"/>
						<line number="49" hits="1"/>
						<line number="50" hits="1"/>
						<line number="52" hits="1"/>
						<line number="53" hits="0"/>
						<line number="55" hits="0" branch="true" condition-coverage="0% (0/2)" missing-branches="56,58"/>
						<line number="56" hits="0"/>
						<line number="58" hits="0" branch="true" condition-coverage="0% (0/2)" missing-branches="exit,59"/>
						<line number="59" hits="0"/>
						<line number="60" hits="0" branch="true" condition-coverage="0% (0/2)" missing-branches="61,63"/>
						<line number="61" hits="0"/>
						<line number="63" hits="0"/>
						<line number="66" hits="0"/>
						<line number="69" hits="1"/>
						<line number="70" hits="1"/>
						<line number="71" hits="0"/>
						<line number="72" hits="0"/>
						<line number="73" hits="0" branch="true" condition-coverage="0% (0/2)" missing-branches="74,75"/>
						<line number="74" hits="0"/>
						<line number="75" hits="0"/>
					</lines>
				</class>
				<class name="models.py" filename="events/models.py" complexity="0" line-rate="1" branch-rate="1">
					<methods/>
					<lines>
						<line number="1" hits="1"/>
						<line number="2" hits="1"/>
						<line number="3" hits="1"/>
						<line number="4" hits="1"/>
					</lines>
				</class>
				<class name="notifications.py" filename="events/notifications.py" complexity="0" line-rate="0.3727" branch-rate="0.2857">
					<methods/>
					<lines>
						<line number="8" hits="1"/>
						<line number="9" hits="1"/>
						<line number="10" hits="1"/>
						<line number="11" hits="1"/>
						<line number="13" hits="1"/>
						<line number="22" hits="1"/>
						<line number="29" hits="0"/>
						<line number="30" hits="0"/>
						<line number="31" hits="0"/>
						<line number="32" hits="0"/>
						<line number="49" hits="0"/>
						<line number="51" hits="0"/>
						<line number="100" hits="1"/>
						<line number="124" hits="1"/>
						<line number="126" hits="1" branch="true" condition-coverage="100% (2/2)"/>
						<line number="128" hits="1"/>
						<line number="129" hits="0"/>
						<line number="134" hits="1"/>
						<line number="136" hits="1"/>
						<line number="142" hits="1"/>
						<line number="147" hits="1"/>
						<line number="149" hits="1"/>
						<line number="152" hits="1" branch="true" condition-coverage="50% (1/2)" missing-branches="153"/>
						<line number="153" hits="0"/>
						<line number="156" hits="1" branch="true" condition-coverage="50% (1/2)" missing-branches="163"/>
						<line number="157" hits="1"/>
						<line number="163" hits="0"/>
						<line number="166" hits="1" branch="true" condition-coverage="50% (1/2)" missing-branches="167"/>
						<line number="167" hits="0"/>
						<line number="169" hits="0"/>
						<line number="172" hits="0"/>
						<line number="173" hits="0"/>
						<line number="174" hits="0"/>
						<line number="182" hits="0"/>
						<line number="183" hits="0"/>
						<line number="185" hits="1"/>
						<line number="188" hits="1"/>
						<line number="190" hits="0"/>
						<line number="191" hits="0"/>
						<line number="193" hits="0"/>
						<line number="194" hits="0" branch="true" condition-coverage="0% (0/2)" missing-branches="195,199"/>
						<line number="195" hits="0"/>
						<line number="196" hits="0"/>
						<line number="197" hits="0"/>
						<line number="199" hits="0" branch="true" condition-coverage="0% (0/2)" missing-branches="200,202"/>
						<line number="200" hits="0"/>
						<line number="202" hits="0"/>
						<line number="208" hits="0"/>
						<line number="218" hits="1"/>
						<line number="220" hits="1"/>
						<line number="221" hits="1"/>
						<line number="223" hits="1"/>
						<line number="226" hits="0" branch="true" condition-coverage="0% (0/2)" missing-branches="227,231"/>
						<line number="227" hits="0"/>
						<line number="228" hits="1"/>
						<line number="229" hits="1"/>
						<line number="231" hits="1" branch="true" condition-coverage="50% (1/2)" missing-branches="234"/>
						<line number="234" hits="0"/>
						<line number="236" hits="1"/>
						<line number="244" hits="1"/>
						<line number="254" hits="1"/>
						<line number="256" hits="1"/>
						<line number="257" hits="1"/>
						<line number="258" hits="1" branch="true" condition-coverage="50% (1/2)" missing-branches="259"/>
						<line number="259" hits="0"/>
						<line number="260" hits="0"/>
						<line number="261" hits="0"/>
						<line number="263" hits="1" branch="true" condition-coverage="50% (1/2)" missing-branches="266"/>
						<line number="266" hits="0"/>
						<line number="268" hits="1"/>
						<line number="276" hits="1"/>
						<line number="285" hits="1"/>
						<line number="287" hits="0"/>
						<line number="288" hits="0"/>
						<line number="289" hits="0" branch="true" condition-coverage="0% (0/2)" missing-branches="290,294"/>
						<line number="290" hits="0"/>
						<line number="291" hits="0"/>
						<line number="292" hits="0"/>
						<line number="294" hits="0"/>
						<line number="301" hits="0"/>
						<line number="310" hits="1"/>
						<line number="312" hits="0"/>
						<line number="313" hits="0"/>
						<line number="315" hits="0"/>
						<line number="318" hits="0" branch="true" condition-coverage="0% (0/2)" missing-branches="319,323"/>
						<line number="319" hits="0"/>
						<line number="320" hits="0"/>
						<line number="321" hits="0"/>
						<line number="323" hits="0"/>
						<line number="331" hits="0"/>
						<line number="341" hits="1"/>
						<line number="343" hits="0"/>
						<line number="344" hits="0"/>
						<line number="346" hits="0"/>
						<line number="347" hits="0" branch="true" condition-coverage="0% (0/2)" missing-branches="348,352"/>
						<line number="348" hits="0"/>
						<line number="349" hits="0"/>
						<line number="350" hits="0"/>
						<line number="352" hits="0"/>
						<line number="361" hits="0"/>
						<line number="371" hits="1"/>
						<line number="373" hits="0"/>
						<line number="374" hits="0"/>
						<line number="375" hits="0" branch="true" condition-coverage="0% (0/2)" missing-branches="376,380"/>
						<line number="376" hits="0"/>
						<line number="377" hits="0"/>
						<line number="378" hits="0"/>
						<line number="380" hits="0"/>
						<line number="381" hits="0"/>
						<line number="390" hits="0"/>
					</lines>
				</class>
				<class name="signals.py" filename="events/signals.py" complexity="0" line-rate="0.6935" branch-rate="0.3667">
					<methods/>
					<lines>
						<line number="1" hits="1"/>
						<line number="2" hits="1"/>
						<line number="3" hits="1"/>
						<line number="5" hits="1"/>
						<line number="6" hits="1"/>
						<line number="8" hits="1"/>
						<line number="9" hits="1"/>
						<line number="10" hits="1"/>
						<line number="17" hits="1"/>
						<line number="18" hits="1"/>
						<line number="25" hits="1" branch="true" condition-coverage="100% (2/2)"/>
						<line number="26" hits="1"/>
						<line number="27" hits="1"/>
						<line number="35" hits="1" branch="true" condition-coverage="100% (2/2)"/>
						<line number="36" hits="1"/>
						<line number="39" hits="1"/>
						<line number="40" hits="1"/>
						<line number="41" hits="1"/>
						<line number="42" hits="1"/>
						<line number="44" hits="0"/>
						<line number="49" hits="0" branch="true" condition-coverage="0% (0/2)" missing-branches="50,55"/>
						<line number="50" hits="0" branch="true" condition-coverage="0% (0/2)" missing-branches="51,53"/>
						<line number="51" hits="0"/>
						<line number="53" hits="0"/>
						<line number="55" hits="0" branch="true" condition-coverage="0% (0/2)" missing-branches="exit,56"/>
						<line number="56" hits="0"/>
						<line number="59" hits="1"/>
						<line number="60" hits="1"/>
						<line number="67" hits="1" branch="true" condition-coverage="100% (2/2)"/>
						<line number="68" hits="1"/>
						<line number="69" hits="1"/>
						<line number="71" hits="1"/>
						<line number="72" hits="1" branch="true" condition-coverage="50% (1/2)" missing-branches="exit"/>
						<line number="74" hits="1" branch="true" condition-coverage="50% (1/2)" missing-branches="81"/>
						<line number="75" hits="1"/>
						<line number="78" hits="1"/>
						<line number="81" hits="1"/>
						<line number="84" hits="1"/>
						<line number="85" hits="1"/>
						<line number="91" hits="1" branch="true" condition-coverage="50% (1/2)" missing-branches="104"/>
						<line number="93" hits="1"/>
						<line number="94" hits="1"/>
						<line number="100" hits="1" branch="true" condition-coverage="100% (2/2)"/>
						<line number="101" hits="1"/>
						<line number="104" hits="1"/>
						<line number="105" hits="1"/>
						<line number="106" hits="1"/>
						<line number="107" hits="1"/>
						<line number="109" hits="0"/>
						<line number="114" hits="0" branch="true" condition-coverage="0% (0/2)" missing-branches="115,118"/>
						<line number="115" hits="0" branch="true" condition-coverage="0% (0/2)" missing-branches="exit,116"/>
						<line number="116" hits="0"/>
						<line number="118" hits="0" branch="true" condition-coverage="0% (0/2)" missing-branches="exit,119"/>
						<line number="119" hits="0"/>
						<line number="122" hits="1"/>
						<line number="123" hits="1"/>
						<line number="129" hits="0" branch="true" condition-coverage="0% (0/2)" missing-branches="130,134"/>
						<line number="130" hits="0"/>
						<line number="131" hits="0"/>
						<line number="133" hits="0"/>
						<line number="134" hits="0" branch="true" condition-coverage="0% (0/2)" missing-branches="exit,136"/>
						<line number="136" hits="0"/>
					</lines>
				</class>
				<class name="utils.py" filename="events/utils.py" complexity="0" line-rate="0.2065" branch-rate="0">
					<methods/>
					<lines>
						<line number="1" hits="1"/>
						<line number="2" hits="1"/>
						<line number="4" hits="1"/>
						<line number="5" hits="1"/>
						<line number="6" hits="1"/>
						<line number="8" hits="1"/>
						<line number="9" hits="1"/>
						<line number="12" hits="1"/>
						<line number="16" hits="0"/>
						<line number="17" hits="0"/>
						<line number="18" hits="0"/>
						<line number="21" hits="0" branch="true" condition-coverage="0% (0/2)" missing-branches="22,25"/>
						<line number="22" hits="0"/>
						<line number="25" hits="0" branch="true" condition-coverage="0% (0/2)" missing-branches="26,30"/>
						<line number="26" hits="0"/>
						<line number="27" hits="0"/>
						<line number="30" hits="0" branch="true" condition-coverage="0% (0/2)" missing-branches="31,34"/>
						<line number="31" hits="0"/>
						<line number="34" hits="0" branch="true" condition-coverage="0% (0/2)" missing-branches="35,40"/>
						<line number="35" hits="0"/>
						<line number="40" hits="0"/>
						<line number="43" hits="1"/>
						<line number="44" hits="1"/>
						<line number="47" hits="1"/>
						<line number="48" hits="0"/>
						<line number="49" hits="0"/>
						<line number="52" hits="1"/>
						<line number="53" hits="0"/>
						<line number="56" hits="1"/>
						<line number="57" hits="0"/>
						<line number="60" hits="1"/>
						<line number="61" hits="0"/>
						<line number="64" hits="1"/>
						<line number="65" hits="0"/>
						<line number="68" hits="1"/>
						<line number="78" hits="0"/>
						<line number="79" hits="0"/>
						<line number="80" hits="0"/>
						<line number="81" hits="0"/>
						<line number="82" hits="0"/>
						<line number="85" hits="1"/>
						<line number="100" hits="0"/>
						<line number="102" hits="0" branch="true" condition-coverage="0% (0/2)" missing-branches="103,106"/>
						<line number="103" hits="0"/>
						<line number="106" hits="0"/>
						<line number="107" hits="0"/>
						<line number="109" hits="0"/>
						<line number="114" hits="0"/>
						<line number="122" hits="0"/>
						<line number="123" hits="0"/>
						<line number="130" hits="0" branch="true" condition-coverage="0% (0/2)" missing-branches="131,139"/>
						<line number="131" hits="0"/>
						<line number="132" hits="0"/>
						<line number="139" hits="0"/>
						<line number="140" hits="0"/>
						<line number="142" hits="0"/>
						<line number="143" hits="0"/>
						<line number="144" hits="0"/>
						<line number="147" hits="1"/>
						<line number="161" hits="0"/>
						<line number="163" hits="0"/>
						<line number="166" hits="0"/>
						<line number="168" hits="0" branch="true" condition-coverage="0% (0/2)" missing-branches="172,175"/>
						<line number="172" hits="0"/>
						<line number="175" hits="0" branch="true" condition-coverage="0% (0/2)" missing-branches="176,179"/>
						<line number="176" hits="0"/>
						<line number="179" hits="0"/>
						<line number="180" hits="0"/>
						<line number="182" hits="0" branch="true" condition-coverage="0% (0/2)" missing-branches="184,195"/>
						<line number="184" hits="0"/>
						<line number="190" hits="0" branch="true" condition-coverage="0% (0/2)" missing-branches="191,195"/>
						<line number="191" hits="0"/>
						<line number="192" hits="0"/>
						<line number="193" hits="0"/>
						<line number="195" hits="0"/>
						<line number="198" hits="1"/>
						<line number="211" hits="0"/>
						<line number="213" hits="0"/>
						<line number="216" hits="0"/>
						<line number="218" hits="0" branch="true" condition-coverage="0% (0/2)" missing-branches="219,222"/>
						<line number="219" hits="0"/>
						<line number="222" hits="0" branch="true" condition-coverage="0% (0/2)" missing-branches="223,226"/>
						<line number="223" hits="0"/>
						<line number="226" hits="0"/>
						<line number="227" hits="0"/>
						<line number="229" hits="0" branch="true" condition-coverage="0% (0/2)" missing-branches="231,242"/>
						<line number="231" hits="0"/>
						<line number="237" hits="0" branch="true" condition-coverage="0% (0/2)" missing-branches="238,242"/>
						<line number="238" hits="0"/>
						<line number="239" hits="0"/>
						<line number="240" hits="0"/>
						<line number="242" hits="0"/>
					</lines>
				</class>
				<class name="validators.py" filename="events/validators.py" complexity="0" line-rate="0.4286" branch-rate="0">
					<methods/>
					<lines>
						<line number="1" hits="1"/>
						<line number="2" hits="1"/>
						<line number="3" hits="1"/>
						<line number="4" hits="1"/>
						<line number="7" hits="1"/>
						<line number="17" hits="0" branch="true" condition-coverage="0% (0/2)" missing-branches="18,20"/>
						<line number="18" hits="0"/>
						<line number="20" hits="0"/>
						<line number="22" hits="0"/>
						<line number="31" hits="0"/>
						<line number="33" hits="0"/>
						<line number="35" hits="0" branch="true" condition-coverage="0% (0/2)" missing-branches="exit,36"/>
						<line number="36" hits="0"/>
						<line number="39" hits="1"/>
					</lines>
				</class>
				<class name="views.py" filename="events/views.py" complexity="0" line-rate="0.2314" branch-rate="0">
					<methods/>
					<lines>
						<line number="5" hits="1"/>
						<line number="6" hits="1"/>
						<line number="7" hits="1"/>
						<line number="8" hits="1"/>
						<line number="9" hits="1"/>
						<line number="10" hits="1"/>
						<line number="11" hits="1"/>
						<line number="12" hits="1"/>
						<line number="14" hits="1"/>
						<line number="15" hits="1"/>
						<line number="16" hits="1"/>
						<line number="19" hits="1"/>
						<line number="22" hits="1"/>
						<line number="23" hits="0"/>
[...]
						<line number="328" hits="0" branch="true" condition-coverage="0% (0/2)" missing-branches="329,339"/>
						<line number="329" hits="0"/>
						<line number="334" hits="0"/>
						<line number="337" hits="0"/>
						<line number="339" hits="0" branch="true" condition-coverage="0% (0/2)" missing-branches="340,348"/>
						<line number="340" hits="0"/>
						<line number="345" hits="0"/>
						<line number="346" hits="0"/>
						<line number="348" hits="0" branch="true" condition-coverage="0% (0/2)" missing-branches="349,351"/>
						<line number="349" hits="0"/>
						<line number="351" hits="0" branch="true" condition-coverage="0% (0/2)" missing-branches="exit,352"/>
						<line number="352" hits="0"/>
						<line number="354" hits="1"/>
						<line number="355" hits="0"/>
						<line number="357" hits="0"/>
						<line number="358" hits="0"/>
						<line number="360" hits="0"/>
						<line number="364" hits="0"/>
						<line number="365" hits="0"/>
						<line number="367" hits="0"/>
						<line number="368" hits="0"/>
						<line number="369" hits="0"/>
						<line number="371" hits="0" branch="true" condition-coverage="0% (0/2)" missing-branches="372,377"/>
						<line number="372" hits="0" branch="true" condition-coverage="0% (0/2)" missing-branches="373,374"/>
						<line number="373" hits="0"/>
						<line number="374" hits="0" branch="true" condition-coverage="0% (0/2)" missing-branches="371,375"/>
						<line number="375" hits="0"/>
						<line number="377" hits="0"/>
						<line number="378" hits="0"/>
						<line number="379" hits="0"/>
						<line number="381" hits="0"/>
						<line number="382" hits="0"/>
						<line number="384" hits="0"/>
						<line number="385" hits="0"/>
						<line number="387" hits="0"/>
						<line number="388" hits="0"/>
						<line number="390" hits="0"/>
						<line number="391" hits="0"/>
						<line number="393" hits="0"/>
						<line number="399" hits="1"/>
						<line number="402" hits="0" branch="true" condition-coverage="0% (0/2)" missing-branches="405,407"/>
						<line number="405" hits="0"/>
						<line number="407" hits="0"/>
						<line number="408" hits="0"/>
						<line number="409" hits="0"/>
						<line number="410" hits="0"/>
						<line number="412" hits="0" branch="true" condition-coverage="0% (0/2)" missing-branches="413,416"/>
						<line number="413" hits="0"/>
						<line number="416" hits="0"/>
						<line number="417" hits="0"/>
						<line number="420" hits="0" branch="true" condition-coverage="0% (0/2)" missing-branches="421,428"/>
						<line number="421" hits="0"/>
						<line number="422" hits="0" branch="true" condition-coverage="0% (0/2)" missing-branches="423,428"/>
						<line number="423" hits="0"/>
						<line number="428" hits="0"/>
						<line number="433" hits="0"/>
						<line number="434" hits="0"/>
						<line number="435" hits="0"/>
						<line number="437" hits="0"/>
					</lines>
				</class>
				<class name="wagtail_settings.py" filename="events/models_pages/wagtail_settings.py" complexity="0" line-rate="0.6494" branch-rate="0">
					<methods/>
					<lines>
						<line number="1" hits="1"/>
						<line number="2" hits="1"/>
						<line number="3" hits="1"/>
						<line number="4" hits="1"/>
						<line number="5" hits="1"/>
						<line number="6" hits="1"/>
						<line number="7" hits="1"/>
						<line number="9" hits="1"/>
						<line number="12" hits="1"/>
						<line number="13" hits="1"/>
						<line number="14" hits="1"/>
						<line number="24" hits="1"/>
						<line number="34" hits="1"/>
						<line number="44" hits="1"/>
						<line number="53" hits="1"/>
						<line number="61" hits="1"/>
						<line number="62" hits="1"/>
						<line number="65" hits="1"/>
						<line number="66" hits="1"/>
						<line number="67" hits="1"/>
						<line number="78" hits="1"/>
						<line number="79" hits="1"/>
						<line number="82" hits="1"/>
						<line number="83" hits="1"/>
						<line number="84" hits="1"/>
						<line number="90" hits="1"/>
						<line number="92" hits="1"/>
						<line number="93" hits="0"/>
						<line number="94" hits="0" branch="true" condition-coverage="0% (0/2)" missing-branches="96,97"/>
						<line number="96" hits="0"/>
						<line number="97" hits="0"/>
						<line number="99" hits="1"/>
						<line number="100" hits="1"/>
						<line number="101" hits="1"/>
						<line number="102" hits="1"/>
						<line number="103" hits="1"/>
						<line number="106" hits="1"/>
						<line number="107" hits="1"/>
						<line number="108" hits="1"/>
						<line number="113" hits="1"/>
						<line number="115" hits="1"/>
						<line number="117" hits="1"/>
						<line number="118" hits="0"/>
						<line number="119" hits="0" branch="true" condition-coverage="0% (0/2)" missing-branches="120,121"/>
						<line number="120" hits="0"/>
						<line number="121" hits="0"/>
						<line number="123" hits="1"/>
						<line number="124" hits="1"/>
						<line number="125" hits="1"/>
						<line number="126" hits="1"/>
						<line number="127" hits="1"/>
						<line number="130" hits="1"/>
						<line number="131" hits="1"/>
						<line number="132" hits="1"/>
						<line number="139" hits="1"/>
						<line number="143" hits="1"/>
						<line number="144" hits="1"/>
						<line number="146" hits="1"/>
						<line number="159" hits="0"/>
						<line number="161" hits="0" branch="true" condition-coverage="0% (0/2)" missing-branches="162,164"/>
						<line number="162" hits="0"/>
						<line number="164" hits="0" branch="true" condition-coverage="0% (0/2)" missing-branches="165,188"/>
						<line number="165" hits="0"/>
						<line number="166" hits="0"/>
						<line number="167" hits="0"/>
						<line number="168" hits="0"/>
						<line number="170" hits="0" branch="true" condition-coverage="0% (0/2)" missing-branches="171,173"/>
						<line number="171" hits="0"/>
						<line number="173" hits="0"/>
						<line number="175" hits="0" branch="true" condition-coverage="0% (0/2)" missing-branches="164,176"/>
						<line number="176" hits="0"/>
						<line number="177" hits="0"/>
						<line number="178" hits="0"/>
						<line number="180" hits="0" branch="true" condition-coverage="0% (0/2)" missing-branches="181,183"/>
						<line number="181" hits="0"/>
						<line number="183" hits="0"/>
						<line number="188" hits="0"/>
					</lines>
				</class>
			</classes>
		</package>
		<package name="events.models_sessions" line-rate="0.7331" branch-rate="0.3293" complexity="0">
			<classes>
				<class name="__init__.py" filename="events/models_sessions/__init__.py" complexity="0" line-rate="1" branch-rate="1">
					<methods/>
					<lines/>
				</class>
				<class name="abstract.py" filename="events/models_sessions/abstract.py" complexity="0" line-rate="0.9825" branch-rate="1">
					<methods/>
					<lines>
						<line number="1" hits="1"/>
						<line number="3" hits="1"/>
						<line number="4" hits="1"/>
						<line number="5" hits="1"/>
						<line number="6" hits="1"/>
						<line number="8" hits="1"/>
						<line number="14" hits="1"/>
						<line number="17" hits="1"/>
						<line number="22" hits="1"/>
						<line number="23" hits="1"/>
						<line number="24" hits="1"/>
						<line number="25" hits="1"/>
						<line number="26" hits="1"/>
						<line number="38" hits="1"/>
						<line number="54" hits="1"/>
						<line number="60" hits="1"/>
						<line number="66" hits="1"/>
						<line number="72" hits="1"/>
						<line number="76" hits="1"/>
						<line number="80" hits="1"/>
						<line number="85" hits="1"/>
						<line number="86" hits="1"/>
						<line number="88" hits="1"/>
						<line number="89" hits="1"/>
						<line number="91" hits="1"/>
						<line number="92" hits="0"/>
						<line number="106" hits="1"/>
						<line number="111" hits="1"/>
						<line number="112" hits="1"/>
						<line number="113" hits="1"/>
						<line number="114" hits="1"/>
						<line number="117" hits="1"/>
						<line number="123" hits="1"/>
						<line number="131" hits="1"/>
						<line number="132" hits="1"/>
						<line number="135" hits="1"/>
						<line number="136" hits="1"/>
						<line number="137" hits="1"/>
						<line number="144" hits="1"/>
						<line number="150" hits="1"/>
						<line number="155" hits="1"/>
						<line number="156" hits="1"/>
						<line number="157" hits="1"/>
						<line number="170" hits="1"/>
						<line number="176" hits="1"/>
						<line number="183" hits="1"/>
						<line number="190" hits="1"/>
						<line number="200" hits="1"/>
						<line number="208" hits="1"/>
						<line number="212" hits="1"/>
						<line number="213" hits="1"/>
						<line number="216" hits="1"/>
						<line number="217" hits="1"/>
						<line number="218" hits="1"/>
						<line number="221" hits="1"/>
						<line number="223" hits="1"/>
						<line number="224" hits="1"/>
					</lines>
				</class>
				<class name="group.py" filename="events/models_sessions/group.py" complexity="0" line-rate="0.6395" branch-rate="0.1154">
					<methods/>
					<lines>
						<line number="1" hits="1"/>
						<line number="3" hits="1"/>
						<line number="4" hits="1"/>
						<line number="5" hits="1"/>
						<line number="6" hits="1"/>
						<line number="7" hits="1"/>
						<line number="8" hits="1"/>
						<line number="9" hits="1"/>
						<line number="11" hits="1"/>
						<line number="16" hits="1"/>
						<line number="18" hits="1"/>
						<line number="26" hits="1"/>
						<line number="33" hits="1"/>
						<line number="38" hits="1"/>
						<line number="39" hits="1"/>
						<line number="40" hits="1"/>
						<line number="44" hits="1"/>
						<line number="45" hits="1"/>
						<line number="51" hits="1"/>
						<line number="53" hits="1"/>
						<line number="59" hits="1"/>
						<line number="63" hits="1"/>
						<line number="69" hits="1"/>
						<line number="73" hits="1"/>
						<line number="74" hits="1"/>
						<line number="110" hits="1"/>
						<line number="147" hits="1"/>
						<line number="148" hits="1" branch="true" condition-coverage="50% (1/2)" missing-branches="149"/>
						<line number="149" hits="0"/>
						<line number="151" hits="0" branch="true" condition-coverage="0% (0/2)" missing-branches="152,161"/>
						<line number="152" hits="0"/>
						<line number="156" hits="1"/>
						<line number="158" hits="1" branch="true" condition-coverage="100% (2/2)"/>
						<line number="159" hits="1"/>
						<line number="161" hits="1"/>
						<line number="164" hits="1"/>
						<line number="165" hits="1"/>
						<line number="168" hits="1"/>
						<line number="169" hits="1"/>
						<line number="172" hits="1"/>
						<line number="179" hits="1"/>
						<line number="182" hits="1"/>
						<line number="186" hits="1"/>
						<line number="187" hits="1"/>
						<line number="197" hits="1"/>
						<line number="202" hits="1"/>
						<line number="203" hits="0"/>
						<line number="205" hits="1"/>
						<line number="206" hits="0" branch="true" condition-coverage="0% (0/2)" missing-branches="207,218"/>
						<line number="207" hits="0"/>
						<line number="208" hits="0"/>
						<line number="210" hits="0" branch="true" condition-coverage="0% (0/2)" missing-branches="211,215"/>
						<line number="211" hits="0"/>
						<line number="215" hits="0" branch="true" condition-coverage="0% (0/2)" missing-branches="216,218"/>
						<line number="216" hits="0"/>
						<line number="218" hits="0" branch="true" condition-coverage="0% (0/2)" missing-branches="224,226"/>
						<line number="224" hits="0"/>
						<line number="226" hits="0" branch="true" condition-coverage="0% (0/2)" missing-branches="230,232"/>
						<line number="230" hits="0"/>
						<line number="232" hits="0"/>
						<line number="235" hits="1"/>
						<line number="236" hits="1"/>
						<line number="239" hits="1"/>
						<line number="240" hits="1"/>
						<line number="243" hits="1"/>
						<line number="244" hits="1"/>
						<line number="247" hits="1"/>
						<line number="250" hits="1"/>
						<line number="254" hits="1"/>
						<line number="255" hits="1"/>
						<line number="265" hits="1"/>
						<line number="266" hits="0" branch="true" condition-coverage="0% (0/2)" missing-branches="267,284"/>
						<line number="267" hits="0"/>
						<line number="268" hits="0"/>
						<line number="269" hits="0"/>
						<line number="271" hits="0" branch="true" condition-coverage="0% (0/2)" missing-branches="272,276"/>
						<line number="272" hits="0"/>
						<line number="276" hits="0" branch="true" condition-coverage="0% (0/2)" missing-branches="277,279"/>
						<line number="277" hits="0"/>
						<line number="279" hits="0" branch="true" condition-coverage="0% (0/2)" missing-branches="280,292"/>
						<line number="280" hits="0"/>
						<line number="284" hits="0"/>
						<line number="287" hits="0"/>
						<line number="289" hits="0" branch="true" condition-coverage="0% (0/2)" missing-branches="290,292"/>
						<line number="290" hits="0"/>
						<line number="292" hits="0"/>
					</lines>
				</class>
				<class name="peer.py" filename="events/models_sessions/peer.py" complexity="0" line-rate="0.6884" branch-rate="0.4286">
					<methods/>
					<lines>
						<line number="1" hits="1"/>
						<line number="2" hits="1"/>
						<line number="3" hits="1"/>
						<line number="5" hits="1"/>
						<line number="6" hits="1"/>
						<line number="7" hits="1"/>
						<line number="8" hits="1"/>
						<line number="9" hits="1"/>
						<line number="10" hits="1"/>
						<line number="11" hits="1"/>
						<line number="12" hits="1"/>
						<line number="13" hits="1"/>
						<line number="15" hits="1"/>
						<line number="20" hits="1"/>
						<line number="21" hits="1"/>
						<line number="23" hits="1"/>
						<line number="32" hits="1"/>
						<line number="38" hits="1"/>
						<line number="43" hits="1"/>
						<line number="49" hits="1"/>
						<line number="67" hits="1"/>
						<line number="86" hits="1"/>
						<line number="87" hits="1"/>
						<line number="91" hits="1"/>
						<line number="92" hits="1"/>
						<line number="107" hits="1"/>
						<line number="274" hits="1"/>
						<line number="275" hits="1" branch="true" condition-coverage="100% (2/2)"/>
						<line number="276" hits="1"/>
						<line number="278" hits="1" branch="true" condition-coverage="50% (1/2)" missing-branches="279"/>
						<line number="279" hits="0"/>
						<line number="283" hits="1"/>
						<line number="285" hits="1" branch="true" condition-coverage="100% (2/2)"/>
						<line number="286" hits="1"/>
						<line number="288" hits="1"/>
						<line number="291" hits="1"/>
						<line number="292" hits="1"/>
						<line number="295" hits="1"/>
						<line number="296" hits="1"/>
						<line number="299" hits="1"/>
						<line number="304" hits="1"/>
						<line number="308" hits="1"/>
						<line number="309" hits="1"/>
						<line number="339" hits="1"/>
						<line number="340" hits="0" branch="true" condition-coverage="0% (0/2)" missing-branches="341,345"/>
						<line number="341" hits="0"/>
						<line number="342" hits="0"/>
						<line number="343" hits="0"/>
						<line number="345" hits="0"/>
						<line number="346" hits="0"/>
						<line number="348" hits="0" branch="true" condition-coverage="0% (0/2)" missing-branches="349,353"/>
						<line number="349" hits="0"/>
						<line number="353" hits="0" branch="true" condition-coverage="0% (0/2)" missing-branches="354,358"/>
						<line number="354" hits="0"/>
						<line number="358" hits="0"/>
						<line number="359" hits="0"/>
						<line number="360" hits="0" branch="true" condition-coverage="0% (0/2)" missing-branches="361,364"/>
						<line number="361" hits="0"/>
						<line number="362" hits="0"/>
						<line number="364" hits="0" branch="true" condition-coverage="0% (0/2)" missing-branches="365,366"/>
						<line number="365" hits="0"/>
						<line number="366" hits="0" branch="true" condition-coverage="0% (0/2)" missing-branches="367,369"/>
						<line number="367" hits="0"/>
						<line number="369" hits="0"/>
						<line number="372" hits="1"/>
						<line number="379" hits="1"/>
						<line number="384" hits="1"/>
						<line number="385" hits="1"/>
						<line number="386" hits="1"/>
						<line number="389" hits="1"/>
						<line number="393" hits="1"/>
						<line number="394" hits="1"/>
						<line number="410" hits="1"/>
						<line number="415" hits="1"/>
						<line number="416" hits="0"/>
						<line number="417" hits="0"/>
						<line number="454" hits="1"/>
						<line number="455" hits="1" branch="true" condition-coverage="100% (2/2)"/>
						<line number="456" hits="1"/>
						<line number="457" hits="1"/>
						<line number="459" hits="1" branch="true" condition-coverage="50% (1/2)" missing-branches="467"/>
						<line number="460" hits="1" branch="true" condition-coverage="50% (1/2)" missing-branches="461"/>
						<line number="461" hits="0"/>
						<line number="462" hits="1" branch="true" condition-coverage="50% (1/2)" missing-branches="463"/>
						<line number="463" hits="0"/>
						<line number="467" hits="1" branch="true" condition-coverage="50% (1/2)" missing-branches="473"/>
						<line number="468" hits="1" branch="true" condition-coverage="50% (1/2)" missing-branches="469"/>
						<line number="469" hits="0"/>
						<line number="470" hits="1" branch="true" condition-coverage="50% (1/2)" missing-branches="471"/>
						<line number="471" hits="0"/>
						<line number="473" hits="1" branch="true" condition-coverage="100% (2/2)"/>
						<line number="480" hits="1"/>
						<line number="482" hits="1" branch="true" condition-coverage="100% (2/2)"/>
						<line number="486" hits="1"/>
						<line number="488" hits="1"/>
						<line number="490" hits="1"/>
						<line number="491" hits="0"/>
						<line number="494" hits="0"/>
						<line number="495" hits="0"/>
						<line number="497" hits="0" branch="true" condition-coverage="0% (0/2)" missing-branches="exit,498"/>
						<line number="498" hits="0"/>
						<line number="507" hits="1"/>
						<line number="514" hits="1"/>
						<line number="515" hits="1"/>
						<line number="518" hits="1"/>
						<line number="524" hits="1"/>
						<line number="525" hits="0"/>
						<line number="527" hits="1"/>
						<line number="528" hits="1" branch="true" condition-coverage="50% (1/2)" missing-branches="529"/>
						<line number="529" hits="0"/>
						<line number="531" hits="0" branch="true" condition-coverage="0% (0/2)" missing-branches="532,537"/>
						<line number="532" hits="0" branch="true" condition-coverage="0% (0/2)" missing-branches="533,534"/>
						<line number="533" hits="0"/>
						<line number="534" hits="0" branch="true" condition-coverage="0% (0/2)" missing-branches="535,537"/>
						<line number="535" hits="0"/>
						<line number="537" hits="1"/>
						<line number="540" hits="1"/>
						<line number="541" hits="1"/>
						<line number="544" hits="1"/>
						<line number="547" hits="1"/>
						<line number="551" hits="1"/>
						<line number="552" hits="1"/>
						<line number="563" hits="1"/>
						<line number="564" hits="1" branch="true" condition-coverage="100% (2/2)"/>
						<line number="565" hits="1"/>
						<line number="566" hits="1"/>
						<line number="567" hits="1"/>
						<line number="569" hits="1" branch="true" condition-coverage="50% (1/2)" missing-branches="570"/>
						<line number="570" hits="0"/>
						<line number="574" hits="1" branch="true" condition-coverage="50% (1/2)" missing-branches="575"/>
						<line number="575" hits="0"/>
						<line number="577" hits="1" branch="true" condition-coverage="50% (1/2)" missing-branches="578"/>
						<line number="578" hits="0"/>
						<line number="582" hits="1"/>
						<line number="585" hits="1"/>
						<line number="587" hits="1" branch="true" condition-coverage="50% (1/2)" missing-branches="588"/>
						<line number="588" hits="0"/>
						<line number="590" hits="1"/>
					</lines>
				</class>
			</classes>
		</package>
	</packages>
</coverage>
